Change Physical Footprint: Designator=C1 Old Footprint=C0805 New Footprint=C0805
Change Physical Footprint: Designator=C2 Old Footprint=C0805 New Footprint=C0805
Change Physical Footprint: Designator=C25 Old Footprint=Radial SMD 10D New Footprint=Radial SMD 10D
Change Physical Footprint: Designator=C26 Old Footprint=C0805 New Footprint=C0805
Change Physical Footprint: Designator=C27 Old Footprint=C0805 New Footprint=C0805
Change Physical Footprint: Designator=C28 Old Footprint=C0805 New Footprint=C0805
Change Physical Footprint: Designator=C29 Old Footprint=C0805 New Footprint=C0805
Change Physical Footprint: Designator=C30 Old Footprint=C0805 New Footprint=C0805
Change Physical Footprint: Designator=C83 Old Footprint=C0805 New Footprint=C0805
Change Physical Footprint: Designator=D1 Old Footprint=SOD-123 New Footprint=SOD-123
Change Physical Footprint: Designator=D2 Old Footprint=SOD-123 New Footprint=SOD-123
Change Physical Footprint: Designator=JP1 Old Footprint=HEADER90_06X2 New Footprint=HEADER90_06X2
Change Physical Footprint: Designator=JST1 Old Footprint=JST16P New Footprint=JST16P
Change Physical Footprint: Designator=R5 Old Footprint=R0805 New Footprint=R0805
Change Physical Footprint: Designator=R6 Old Footprint=R0805 New Footprint=R0805
Change Physical Footprint: Designator=R7 Old Footprint=R0805 New Footprint=R0805
Change Physical Footprint: Designator=R8 Old Footprint=R4122 New Footprint=R4122
Change Physical Footprint: Designator=R9 Old Footprint=R4122 New Footprint=R4122
Change Physical Footprint: Designator=R10 Old Footprint=R4122 New Footprint=R4122
Change Physical Footprint: Designator=R11 Old Footprint=R0805 New Footprint=R0805
Change Physical Footprint: Designator=R12 Old Footprint=R0805 New Footprint=R0805
Change Physical Footprint: Designator=R13 Old Footprint=R0805 New Footprint=R0805
Change Physical Footprint: Designator=R14 Old Footprint=R0805 New Footprint=R0805
Change Physical Footprint: Designator=R15 Old Footprint=R0805 New Footprint=R0805
Change Physical Footprint: Designator=U2 Old Footprint=POWERSO36 New Footprint=POWERSO36
