Added Component: Designator=C25(Radial SMD 10D)
Add component (AddParameter): Name = "Mfr 1"; Value = "Panasonic Electronic Components"; VariantName = "[No Variations]"
Add component (AddParameter): Name = "Mfr 1 PN"; Value = "EEE-1JA101P"; VariantName = "[No Variations]"
Add component (AddParameter): Name = "Notes"; Value = ""; VariantName = "[No Variations]"
Added Component: Designator=C26(C0805)
Add component (AddParameter): Name = "Mfr 1"; Value = "KEMET"; VariantName = "[No Variations]"
Add component (AddParameter): Name = "Mfr 1 PN"; Value = "C0805C224K5RACAUTO"; VariantName = "[No Variations]"
Add component (AddParameter): Name = "Notes"; Value = ""; VariantName = "[No Variations]"
Added Component: Designator=C27(C0805)
Add component (AddParameter): Name = "Mfr 1"; Value = "Samsung Electro-Mechanics"; VariantName = "[No Variations]"
Add component (AddParameter): Name = "Mfr 1 PN"; Value = "CL21B103KBANFNC"; VariantName = "[No Variations]"
Add component (AddParameter): Name = "Notes"; Value = ""; VariantName = "[No Variations]"
Added Component: Designator=C28(C0805)
Add component (AddParameter): Name = "Mfr 1"; Value = "Samsung Electro-Mechanics"; VariantName = "[No Variations]"
Add component (AddParameter): Name = "Mfr 1 PN"; Value = "CL21B562KBANNNC"; VariantName = "[No Variations]"
Add component (AddParameter): Name = "Notes"; Value = ""; VariantName = "[No Variations]"
Added Component: Designator=C29(C0805)
Add component (AddParameter): Name = "Mfr 1"; Value = "Samsung Electro-Mechanics"; VariantName = "[No Variations]"
Add component (AddParameter): Name = "Mfr 1 PN"; Value = "CL21B102KBANFNC"; VariantName = "[No Variations]"
Add component (AddParameter): Name = "Notes"; Value = ""; VariantName = "[No Variations]"
Added Component: Designator=C30(C0805)
Add component (AddParameter): Name = "Mfr 1"; Value = "Samsung Electro-Mechanics"; VariantName = "[No Variations]"
Add component (AddParameter): Name = "Mfr 1 PN"; Value = "CL21B103KBANFNC"; VariantName = "[No Variations]"
Add component (AddParameter): Name = "Notes"; Value = ""; VariantName = "[No Variations]"
Added Component: Designator=C31(Radial SMD 10D)
Add component (AddParameter): Name = "Mfr 1"; Value = "Panasonic Electronic Components"; VariantName = "[No Variations]"
Add component (AddParameter): Name = "Mfr 1 PN"; Value = "EEE-1JA101P"; VariantName = "[No Variations]"
Add component (AddParameter): Name = "Notes"; Value = ""; VariantName = "[No Variations]"
Added Component: Designator=C32(C0805)
Add component (AddParameter): Name = "Mfr 1"; Value = "KEMET"; VariantName = "[No Variations]"
Add component (AddParameter): Name = "Mfr 1 PN"; Value = "C0805C224K5RACAUTO"; VariantName = "[No Variations]"
Add component (AddParameter): Name = "Notes"; Value = ""; VariantName = "[No Variations]"
Added Component: Designator=C33(C0805)
Add component (AddParameter): Name = "Mfr 1"; Value = "Samsung Electro-Mechanics"; VariantName = "[No Variations]"
Add component (AddParameter): Name = "Mfr 1 PN"; Value = "CL21B103KBANFNC"; VariantName = "[No Variations]"
Add component (AddParameter): Name = "Notes"; Value = ""; VariantName = "[No Variations]"
Added Component: Designator=C34(C0805)
Add component (AddParameter): Name = "Mfr 1"; Value = "Samsung Electro-Mechanics"; VariantName = "[No Variations]"
Add component (AddParameter): Name = "Mfr 1 PN"; Value = "CL21B562KBANNNC"; VariantName = "[No Variations]"
Add component (AddParameter): Name = "Notes"; Value = ""; VariantName = "[No Variations]"
Added Component: Designator=C35(C0805)
Add component (AddParameter): Name = "Mfr 1"; Value = "Samsung Electro-Mechanics"; VariantName = "[No Variations]"
Add component (AddParameter): Name = "Mfr 1 PN"; Value = "CL21B102KBANFNC"; VariantName = "[No Variations]"
Add component (AddParameter): Name = "Notes"; Value = ""; VariantName = "[No Variations]"
Added Component: Designator=C36(C0805)
Add component (AddParameter): Name = "Mfr 1"; Value = "Samsung Electro-Mechanics"; VariantName = "[No Variations]"
Add component (AddParameter): Name = "Mfr 1 PN"; Value = "CL21B103KBANFNC"; VariantName = "[No Variations]"
Add component (AddParameter): Name = "Notes"; Value = ""; VariantName = "[No Variations]"
Added Component: Designator=C37(Radial SMD 10D)
Add component (AddParameter): Name = "Mfr 1"; Value = "Panasonic Electronic Components"; VariantName = "[No Variations]"
Add component (AddParameter): Name = "Mfr 1 PN"; Value = "EEE-1JA101P"; VariantName = "[No Variations]"
Add component (AddParameter): Name = "Notes"; Value = ""; VariantName = "[No Variations]"
Added Component: Designator=C38(C0805)
Add component (AddParameter): Name = "Mfr 1"; Value = "KEMET"; VariantName = "[No Variations]"
Add component (AddParameter): Name = "Mfr 1 PN"; Value = "C0805C224K5RACAUTO"; VariantName = "[No Variations]"
Add component (AddParameter): Name = "Notes"; Value = ""; VariantName = "[No Variations]"
Added Component: Designator=C39(C0805)
Add component (AddParameter): Name = "Mfr 1"; Value = "Samsung Electro-Mechanics"; VariantName = "[No Variations]"
Add component (AddParameter): Name = "Mfr 1 PN"; Value = "CL21B103KBANFNC"; VariantName = "[No Variations]"
Add component (AddParameter): Name = "Notes"; Value = ""; VariantName = "[No Variations]"
Added Component: Designator=C40(C0805)
Add component (AddParameter): Name = "Mfr 1"; Value = "Samsung Electro-Mechanics"; VariantName = "[No Variations]"
Add component (AddParameter): Name = "Mfr 1 PN"; Value = "CL21B562KBANNNC"; VariantName = "[No Variations]"
Add component (AddParameter): Name = "Notes"; Value = ""; VariantName = "[No Variations]"
Added Component: Designator=C41(C0805)
Add component (AddParameter): Name = "Mfr 1"; Value = "Samsung Electro-Mechanics"; VariantName = "[No Variations]"
Add component (AddParameter): Name = "Mfr 1 PN"; Value = "CL21B102KBANFNC"; VariantName = "[No Variations]"
Add component (AddParameter): Name = "Notes"; Value = ""; VariantName = "[No Variations]"
Added Component: Designator=C42(C0805)
Add component (AddParameter): Name = "Mfr 1"; Value = "Samsung Electro-Mechanics"; VariantName = "[No Variations]"
Add component (AddParameter): Name = "Mfr 1 PN"; Value = "CL21B103KBANFNC"; VariantName = "[No Variations]"
Add component (AddParameter): Name = "Notes"; Value = ""; VariantName = "[No Variations]"
Added Component: Designator=C43(Radial SMD 10D)
Add component (AddParameter): Name = "Mfr 1"; Value = "Panasonic Electronic Components"; VariantName = "[No Variations]"
Add component (AddParameter): Name = "Mfr 1 PN"; Value = "EEE-1JA101P"; VariantName = "[No Variations]"
Add component (AddParameter): Name = "Notes"; Value = ""; VariantName = "[No Variations]"
Added Component: Designator=C44(C0805)
Add component (AddParameter): Name = "Mfr 1"; Value = "KEMET"; VariantName = "[No Variations]"
Add component (AddParameter): Name = "Mfr 1 PN"; Value = "C0805C224K5RACAUTO"; VariantName = "[No Variations]"
Add component (AddParameter): Name = "Notes"; Value = ""; VariantName = "[No Variations]"
Added Component: Designator=C45(C0805)
Add component (AddParameter): Name = "Mfr 1"; Value = "Samsung Electro-Mechanics"; VariantName = "[No Variations]"
Add component (AddParameter): Name = "Mfr 1 PN"; Value = "CL21B103KBANFNC"; VariantName = "[No Variations]"
Add component (AddParameter): Name = "Notes"; Value = ""; VariantName = "[No Variations]"
Added Component: Designator=C46(C0805)
Add component (AddParameter): Name = "Mfr 1"; Value = "Samsung Electro-Mechanics"; VariantName = "[No Variations]"
Add component (AddParameter): Name = "Mfr 1 PN"; Value = "CL21B562KBANNNC"; VariantName = "[No Variations]"
Add component (AddParameter): Name = "Notes"; Value = ""; VariantName = "[No Variations]"
Added Component: Designator=C47(C0805)
Add component (AddParameter): Name = "Mfr 1"; Value = "Samsung Electro-Mechanics"; VariantName = "[No Variations]"
Add component (AddParameter): Name = "Mfr 1 PN"; Value = "CL21B102KBANFNC"; VariantName = "[No Variations]"
Add component (AddParameter): Name = "Notes"; Value = ""; VariantName = "[No Variations]"
Added Component: Designator=C48(C0805)
Add component (AddParameter): Name = "Mfr 1"; Value = "Samsung Electro-Mechanics"; VariantName = "[No Variations]"
Add component (AddParameter): Name = "Mfr 1 PN"; Value = "CL21B103KBANFNC"; VariantName = "[No Variations]"
Add component (AddParameter): Name = "Notes"; Value = ""; VariantName = "[No Variations]"
Added Component: Designator=C66(Radial SMD 10D)
Add component (AddParameter): Name = "Mfr 1"; Value = "Panasonic Electronic Components"; VariantName = "[No Variations]"
Add component (AddParameter): Name = "Mfr 1 PN"; Value = "EEE-1JA101P"; VariantName = "[No Variations]"
Add component (AddParameter): Name = "Notes"; Value = ""; VariantName = "[No Variations]"
Added Component: Designator=C67(C0805)
Add component (AddParameter): Name = "Mfr 1"; Value = "KEMET"; VariantName = "[No Variations]"
Add component (AddParameter): Name = "Mfr 1 PN"; Value = "C0805C224K5RACAUTO"; VariantName = "[No Variations]"
Add component (AddParameter): Name = "Notes"; Value = ""; VariantName = "[No Variations]"
Added Component: Designator=C68(C0805)
Add component (AddParameter): Name = "Mfr 1"; Value = "Samsung Electro-Mechanics"; VariantName = "[No Variations]"
Add component (AddParameter): Name = "Mfr 1 PN"; Value = "CL21B103KBANFNC"; VariantName = "[No Variations]"
Add component (AddParameter): Name = "Notes"; Value = ""; VariantName = "[No Variations]"
Added Component: Designator=C69(C0805)
Add component (AddParameter): Name = "Mfr 1"; Value = "Samsung Electro-Mechanics"; VariantName = "[No Variations]"
Add component (AddParameter): Name = "Mfr 1 PN"; Value = "CL21B562KBANNNC"; VariantName = "[No Variations]"
Add component (AddParameter): Name = "Notes"; Value = ""; VariantName = "[No Variations]"
Added Component: Designator=C70(C0805)
Add component (AddParameter): Name = "Mfr 1"; Value = "Samsung Electro-Mechanics"; VariantName = "[No Variations]"
Add component (AddParameter): Name = "Mfr 1 PN"; Value = "CL21B102KBANFNC"; VariantName = "[No Variations]"
Add component (AddParameter): Name = "Notes"; Value = ""; VariantName = "[No Variations]"
Added Component: Designator=C71(C0805)
Add component (AddParameter): Name = "Mfr 1"; Value = "Samsung Electro-Mechanics"; VariantName = "[No Variations]"
Add component (AddParameter): Name = "Mfr 1 PN"; Value = "CL21B103KBANFNC"; VariantName = "[No Variations]"
Add component (AddParameter): Name = "Notes"; Value = ""; VariantName = "[No Variations]"
Added Component: Designator=C72(C0805)
Add component (AddParameter): Name = "Mfr 1"; Value = "Yageo"; VariantName = "[No Variations]"
Add component (AddParameter): Name = "Mfr 1 PN"; Value = "CC0805ZRY5V9BB104"; VariantName = "[No Variations]"
Add component (AddParameter): Name = "Notes"; Value = ""; VariantName = "[No Variations]"
Added Component: Designator=C73(C0805)
Add component (AddParameter): Name = "Mfr 1"; Value = "Yageo"; VariantName = "[No Variations]"
Add component (AddParameter): Name = "Mfr 1 PN"; Value = "CC0805ZRY5V9BB104"; VariantName = "[No Variations]"
Add component (AddParameter): Name = "Notes"; Value = ""; VariantName = "[No Variations]"
Added Component: Designator=C74(C0805)
Add component (AddParameter): Name = "Mfr 1"; Value = "Yageo"; VariantName = "[No Variations]"
Add component (AddParameter): Name = "Mfr 1 PN"; Value = "CC0805ZRY5V9BB104"; VariantName = "[No Variations]"
Add component (AddParameter): Name = "Notes"; Value = ""; VariantName = "[No Variations]"
Added Component: Designator=C75(C0805)
Add component (AddParameter): Name = "Mfr 1"; Value = "Yageo"; VariantName = "[No Variations]"
Add component (AddParameter): Name = "Mfr 1 PN"; Value = "CC0805ZRY5V9BB104"; VariantName = "[No Variations]"
Add component (AddParameter): Name = "Notes"; Value = ""; VariantName = "[No Variations]"
Added Component: Designator=C76(C0805)
Add component (AddParameter): Name = "Mfr 1"; Value = "Yageo"; VariantName = "[No Variations]"
Add component (AddParameter): Name = "Mfr 1 PN"; Value = "CC0805ZRY5V9BB104"; VariantName = "[No Variations]"
Add component (AddParameter): Name = "Notes"; Value = ""; VariantName = "[No Variations]"
Added Component: Designator=C77(C0805)
Add component (AddParameter): Name = "Mfr 1"; Value = "Yageo"; VariantName = "[No Variations]"
Add component (AddParameter): Name = "Mfr 1 PN"; Value = "CC0805ZRY5V9BB104"; VariantName = "[No Variations]"
Add component (AddParameter): Name = "Notes"; Value = ""; VariantName = "[No Variations]"
Added Component: Designator=C78(C0805)
Add component (AddParameter): Name = "Mfr 1"; Value = "Yageo"; VariantName = "[No Variations]"
Add component (AddParameter): Name = "Mfr 1 PN"; Value = "CC0805ZRY5V9BB104"; VariantName = "[No Variations]"
Add component (AddParameter): Name = "Notes"; Value = ""; VariantName = "[No Variations]"
Added Component: Designator=C79(C0805)
Add component (AddParameter): Name = "Mfr 1"; Value = "Yageo"; VariantName = "[No Variations]"
Add component (AddParameter): Name = "Mfr 1 PN"; Value = "CC0805ZRY5V9BB104"; VariantName = "[No Variations]"
Add component (AddParameter): Name = "Notes"; Value = ""; VariantName = "[No Variations]"
Added Component: Designator=C80(C0805)
Add component (AddParameter): Name = "Mfr 1"; Value = "Yageo"; VariantName = "[No Variations]"
Add component (AddParameter): Name = "Mfr 1 PN"; Value = "CC0805ZRY5V9BB104"; VariantName = "[No Variations]"
Add component (AddParameter): Name = "Notes"; Value = ""; VariantName = "[No Variations]"
Added Component: Designator=C81(C0805)
Add component (AddParameter): Name = "Mfr 1"; Value = "Yageo"; VariantName = "[No Variations]"
Add component (AddParameter): Name = "Mfr 1 PN"; Value = "CC0805ZRY5V9BB104"; VariantName = "[No Variations]"
Add component (AddParameter): Name = "Notes"; Value = ""; VariantName = "[No Variations]"
Added Component: Designator=C83(C0805)
Add component (AddParameter): Name = "Mfr 1"; Value = "Yageo"; VariantName = "[No Variations]"
Add component (AddParameter): Name = "Mfr 1 PN"; Value = "CC0805ZRY5V9BB104"; VariantName = "[No Variations]"
Add component (AddParameter): Name = "Notes"; Value = ""; VariantName = "[No Variations]"
Added Component: Designator=C84(C0805)
Add component (AddParameter): Name = "Mfr 1"; Value = "Yageo"; VariantName = "[No Variations]"
Add component (AddParameter): Name = "Mfr 1 PN"; Value = "CC0805ZRY5V9BB104"; VariantName = "[No Variations]"
Add component (AddParameter): Name = "Notes"; Value = ""; VariantName = "[No Variations]"
Added Component: Designator=C85(C0805)
Add component (AddParameter): Name = "Mfr 1"; Value = "KEMET"; VariantName = "[No Variations]"
Add component (AddParameter): Name = "Mfr 1 PN"; Value = "C0805C224K5RACAUTO"; VariantName = "[No Variations]"
Add component (AddParameter): Name = "Notes"; Value = ""; VariantName = "[No Variations]"
Added Component: Designator=C86(C0805)
Add component (AddParameter): Name = "Mfr 1"; Value = "KEMET"; VariantName = "[No Variations]"
Add component (AddParameter): Name = "Mfr 1 PN"; Value = "C0805C224K5RACAUTO"; VariantName = "[No Variations]"
Add component (AddParameter): Name = "Notes"; Value = ""; VariantName = "[No Variations]"
Added Component: Designator=C87(C0805)
Add component (AddParameter): Name = "Mfr 1"; Value = "KEMET"; VariantName = "[No Variations]"
Add component (AddParameter): Name = "Mfr 1 PN"; Value = "C0805C224K5RACAUTO"; VariantName = "[No Variations]"
Add component (AddParameter): Name = "Notes"; Value = ""; VariantName = "[No Variations]"
Added Component: Designator=D1(SOD-123)
Add component (AddParameter): Name = "Mfr 1"; Value = "Taiwan Semiconductor Corporation"; VariantName = "[No Variations]"
Add component (AddParameter): Name = "Mfr 1 PN"; Value = "1N4148W-G RHG"; VariantName = "[No Variations]"
Add component (AddParameter): Name = "Notes"; Value = ""; VariantName = "[No Variations]"
Added Component: Designator=D2(SOD-123)
Add component (AddParameter): Name = "Mfr 1"; Value = "Taiwan Semiconductor Corporation"; VariantName = "[No Variations]"
Add component (AddParameter): Name = "Mfr 1 PN"; Value = "1N4148W-G RHG"; VariantName = "[No Variations]"
Add component (AddParameter): Name = "Notes"; Value = ""; VariantName = "[No Variations]"
Added Component: Designator=D3(SOD-123)
Add component (AddParameter): Name = "Mfr 1"; Value = "Taiwan Semiconductor Corporation"; VariantName = "[No Variations]"
Add component (AddParameter): Name = "Mfr 1 PN"; Value = "1N4148W-G RHG"; VariantName = "[No Variations]"
Add component (AddParameter): Name = "Notes"; Value = ""; VariantName = "[No Variations]"
Added Component: Designator=D4(SOD-123)
Add component (AddParameter): Name = "Mfr 1"; Value = "Taiwan Semiconductor Corporation"; VariantName = "[No Variations]"
Add component (AddParameter): Name = "Mfr 1 PN"; Value = "1N4148W-G RHG"; VariantName = "[No Variations]"
Add component (AddParameter): Name = "Notes"; Value = ""; VariantName = "[No Variations]"
Added Component: Designator=D5(SOD-123)
Add component (AddParameter): Name = "Mfr 1"; Value = "Taiwan Semiconductor Corporation"; VariantName = "[No Variations]"
Add component (AddParameter): Name = "Mfr 1 PN"; Value = "1N4148W-G RHG"; VariantName = "[No Variations]"
Add component (AddParameter): Name = "Notes"; Value = ""; VariantName = "[No Variations]"
Added Component: Designator=D6(SOD-123)
Add component (AddParameter): Name = "Mfr 1"; Value = "Taiwan Semiconductor Corporation"; VariantName = "[No Variations]"
Add component (AddParameter): Name = "Mfr 1 PN"; Value = "1N4148W-G RHG"; VariantName = "[No Variations]"
Add component (AddParameter): Name = "Notes"; Value = ""; VariantName = "[No Variations]"
Added Component: Designator=D7(SOD-123)
Add component (AddParameter): Name = "Mfr 1"; Value = "Taiwan Semiconductor Corporation"; VariantName = "[No Variations]"
Add component (AddParameter): Name = "Mfr 1 PN"; Value = "1N4148W-G RHG"; VariantName = "[No Variations]"
Add component (AddParameter): Name = "Notes"; Value = ""; VariantName = "[No Variations]"
Added Component: Designator=D8(SOD-123)
Add component (AddParameter): Name = "Mfr 1"; Value = "Taiwan Semiconductor Corporation"; VariantName = "[No Variations]"
Add component (AddParameter): Name = "Mfr 1 PN"; Value = "1N4148W-G RHG"; VariantName = "[No Variations]"
Add component (AddParameter): Name = "Notes"; Value = ""; VariantName = "[No Variations]"
Added Component: Designator=D10(SOD-123)
Add component (AddParameter): Name = "Mfr 1"; Value = "Taiwan Semiconductor Corporation"; VariantName = "[No Variations]"
Add component (AddParameter): Name = "Mfr 1 PN"; Value = "1N4148W-G RHG"; VariantName = "[No Variations]"
Add component (AddParameter): Name = "Notes"; Value = ""; VariantName = "[No Variations]"
Added Component: Designator=D11(SOD-123)
Add component (AddParameter): Name = "Mfr 1"; Value = "Taiwan Semiconductor Corporation"; VariantName = "[No Variations]"
Add component (AddParameter): Name = "Mfr 1 PN"; Value = "1N4148W-G RHG"; VariantName = "[No Variations]"
Add component (AddParameter): Name = "Notes"; Value = ""; VariantName = "[No Variations]"
Added Component: Designator=DSW1(DIPSWITCH06)
Add component (AddParameter): Name = "Mfr 1"; Value = "C&K"; VariantName = "[No Variations]"
Add component (AddParameter): Name = "Mfr 1 PN"; Value = "TDA06H0SB1R"; VariantName = "[No Variations]"
Add component (AddParameter): Name = "Notes"; Value = ""; VariantName = "[No Variations]"
Added Component: Designator=JP1(TB02)
Add component (AddParameter): Name = "Mfr 1"; Value = "Wurth Electronics Inc."; VariantName = "[No Variations]"
Add component (AddParameter): Name = "Mfr 1 PN"; Value = "691313710002"; VariantName = "[No Variations]"
Add component (AddParameter): Name = "Notes"; Value = ""; VariantName = "[No Variations]"
Added Component: Designator=JP2(TB02)
Add component (AddParameter): Name = "Mfr 1"; Value = "Wurth Electronics Inc."; VariantName = "[No Variations]"
Add component (AddParameter): Name = "Mfr 1 PN"; Value = "691313710002"; VariantName = "[No Variations]"
Add component (AddParameter): Name = "Notes"; Value = ""; VariantName = "[No Variations]"
Added Component: Designator=JP3(TB02)
Add component (AddParameter): Name = "Mfr 1"; Value = "Wurth Electronics Inc."; VariantName = "[No Variations]"
Add component (AddParameter): Name = "Mfr 1 PN"; Value = "691313710002"; VariantName = "[No Variations]"
Add component (AddParameter): Name = "Notes"; Value = ""; VariantName = "[No Variations]"
Added Component: Designator=JP4(HEADER_06X2)
Add component (AddParameter): Name = "Mfr 1"; Value = "Wurth Electronics Inc."; VariantName = "[No Variations]"
Add component (AddParameter): Name = "Mfr 1 PN"; Value = "61301221121"; VariantName = "[No Variations]"
Add component (AddParameter): Name = "Notes"; Value = ""; VariantName = "[No Variations]"
Added Component: Designator=JP5(Header_07P)
Add component (AddParameter): Name = "Mfr 1"; Value = "Harwin Inc."; VariantName = "[No Variations]"
Add component (AddParameter): Name = "Mfr 1 PN"; Value = "M20-9770746"; VariantName = "[No Variations]"
Add component (AddParameter): Name = "Notes"; Value = ""; VariantName = "[No Variations]"
Added Component: Designator=JP6(Header90_06P)
Add component (AddParameter): Name = "Mfr 1"; Value = "Harwin Inc."; VariantName = "[No Variations]"
Add component (AddParameter): Name = "Mfr 1 PN"; Value = "M20-9750646"; VariantName = "[No Variations]"
Add component (AddParameter): Name = "Notes"; Value = ""; VariantName = "[No Variations]"
Added Component: Designator=JP7(HEADER_06X2)
Add component (AddParameter): Name = "Mfr 1"; Value = "Wurth Electronics Inc."; VariantName = "[No Variations]"
Add component (AddParameter): Name = "Mfr 1 PN"; Value = "61301221121"; VariantName = "[No Variations]"
Add component (AddParameter): Name = "Notes"; Value = ""; VariantName = "[No Variations]"
Added Component: Designator=JP8(HEADER90_06X2)
Add component (AddParameter): Name = "Mfr 1"; Value = "Wurth Electronics Inc."; VariantName = "[No Variations]"
Add component (AddParameter): Name = "Mfr 1 PN"; Value = "61301221021"; VariantName = "[No Variations]"
Add component (AddParameter): Name = "Notes"; Value = ""; VariantName = "[No Variations]"
Added Component: Designator=JST1(JST16P)
Add component (AddParameter): Name = "Mfr 1"; Value = "JST Sales America Inc."; VariantName = "[No Variations]"
Add component (AddParameter): Name = "Mfr 1 PN"; Value = "S16B-PHDSS(LF)(SN)"; VariantName = "[No Variations]"
Add component (AddParameter): Name = "Notes"; Value = ""; VariantName = "[No Variations]"
Added Component: Designator=JST2(JST16P)
Add component (AddParameter): Name = "Mfr 1"; Value = "JST Sales America Inc."; VariantName = "[No Variations]"
Add component (AddParameter): Name = "Mfr 1 PN"; Value = "S16B-PHDSS(LF)(SN)"; VariantName = "[No Variations]"
Add component (AddParameter): Name = "Notes"; Value = ""; VariantName = "[No Variations]"
Added Component: Designator=JST3(JST16P)
Add component (AddParameter): Name = "Mfr 1"; Value = "JST Sales America Inc."; VariantName = "[No Variations]"
Add component (AddParameter): Name = "Mfr 1 PN"; Value = "S16B-PHDSS(LF)(SN)"; VariantName = "[No Variations]"
Add component (AddParameter): Name = "Notes"; Value = ""; VariantName = "[No Variations]"
Added Component: Designator=JST4(JST16P)
Add component (AddParameter): Name = "Mfr 1"; Value = "JST Sales America Inc."; VariantName = "[No Variations]"
Add component (AddParameter): Name = "Mfr 1 PN"; Value = "S16B-PHDSS(LF)(SN)"; VariantName = "[No Variations]"
Add component (AddParameter): Name = "Notes"; Value = ""; VariantName = "[No Variations]"
Added Component: Designator=JST5(JST16P)
Add component (AddParameter): Name = "Mfr 1"; Value = "JST Sales America Inc."; VariantName = "[No Variations]"
Add component (AddParameter): Name = "Mfr 1 PN"; Value = "S16B-PHDSS(LF)(SN)"; VariantName = "[No Variations]"
Add component (AddParameter): Name = "Notes"; Value = ""; VariantName = "[No Variations]"
Added Component: Designator=R5(R0805)
Add component (AddParameter): Name = "Mfr 1"; Value = "Rohm Semiconductor"; VariantName = "[No Variations]"
Add component (AddParameter): Name = "Mfr 1 PN"; Value = "ESR10EZPF1000"; VariantName = "[No Variations]"
Add component (AddParameter): Name = "Notes"; Value = ""; VariantName = "[No Variations]"
Added Component: Designator=R6(R0805)
Add component (AddParameter): Name = "Mfr 1"; Value = "Yageo"; VariantName = "[No Variations]"
Add component (AddParameter): Name = "Mfr 1 PN"; Value = "RC0805FR-07100KL"; VariantName = "[No Variations]"
Add component (AddParameter): Name = "Notes"; Value = ""; VariantName = "[No Variations]"
Added Component: Designator=R7(R0805)
Add component (AddParameter): Name = "Mfr 1"; Value = "TE Connectivity Passive Product"; VariantName = "[No Variations]"
Add component (AddParameter): Name = "Mfr 1 PN"; Value = "CRG0805F10K/10"; VariantName = "[No Variations]"
Add component (AddParameter): Name = "Notes"; Value = ""; VariantName = "[No Variations]"
Added Component: Designator=R8(R4122)
Add component (AddParameter): Name = "Mfr 1"; Value = "TE Connectivity Passive Product"; VariantName = "[No Variations]"
Add component (AddParameter): Name = "Mfr 1 PN"; Value = "SMW3R82JT"; VariantName = "[No Variations]"
Add component (AddParameter): Name = "Notes"; Value = ""; VariantName = "[No Variations]"
Added Component: Designator=R9(R4122)
Add component (AddParameter): Name = "Mfr 1"; Value = "TE Connectivity Passive Product"; VariantName = "[No Variations]"
Add component (AddParameter): Name = "Mfr 1 PN"; Value = "SMW3R82JT"; VariantName = "[No Variations]"
Add component (AddParameter): Name = "Notes"; Value = ""; VariantName = "[No Variations]"
Added Component: Designator=R10(R4122)
Add component (AddParameter): Name = "Mfr 1"; Value = "TE Connectivity Passive Product"; VariantName = "[No Variations]"
Add component (AddParameter): Name = "Mfr 1 PN"; Value = "SMW3R82JT"; VariantName = "[No Variations]"
Add component (AddParameter): Name = "Notes"; Value = ""; VariantName = "[No Variations]"
Added Component: Designator=R11(R0805)
Add component (AddParameter): Name = "Mfr 1"; Value = "Yageo"; VariantName = "[No Variations]"
Add component (AddParameter): Name = "Mfr 1 PN"; Value = "RC0805FR-0710KL"; VariantName = "[No Variations]"
Add component (AddParameter): Name = "Notes"; Value = ""; VariantName = "[No Variations]"
Added Component: Designator=R12(R0805)
Add component (AddParameter): Name = "Mfr 1"; Value = "Yageo"; VariantName = "[No Variations]"
Add component (AddParameter): Name = "Mfr 1 PN"; Value = "RC0805FR-0710KL"; VariantName = "[No Variations]"
Add component (AddParameter): Name = "Notes"; Value = ""; VariantName = "[No Variations]"
Added Component: Designator=R13(R0805)
Add component (AddParameter): Name = "Mfr 1"; Value = "Yageo"; VariantName = "[No Variations]"
Add component (AddParameter): Name = "Mfr 1 PN"; Value = "RC0805FR-0710KL"; VariantName = "[No Variations]"
Add component (AddParameter): Name = "Notes"; Value = ""; VariantName = "[No Variations]"
Added Component: Designator=R14(R0805)
Add component (AddParameter): Name = "Mfr 1"; Value = "Stackpole Electronics Inc."; VariantName = "[No Variations]"
Add component (AddParameter): Name = "Mfr 1 PN"; Value = "RMCF0805FT33K0"; VariantName = "[No Variations]"
Add component (AddParameter): Name = "Notes"; Value = ""; VariantName = "[No Variations]"
Added Component: Designator=R15(R0805)
Add component (AddParameter): Name = "Mfr 1"; Value = "Yageo"; VariantName = "[No Variations]"
Add component (AddParameter): Name = "Mfr 1 PN"; Value = "RC0805FR-0747KL"; VariantName = "[No Variations]"
Add component (AddParameter): Name = "Notes"; Value = ""; VariantName = "[No Variations]"
Added Component: Designator=R16(R0805)
Add component (AddParameter): Name = "Mfr 1"; Value = "Rohm Semiconductor"; VariantName = "[No Variations]"
Add component (AddParameter): Name = "Mfr 1 PN"; Value = "ESR10EZPF1000"; VariantName = "[No Variations]"
Add component (AddParameter): Name = "Notes"; Value = ""; VariantName = "[No Variations]"
Added Component: Designator=R17(R0805)
Add component (AddParameter): Name = "Mfr 1"; Value = "Yageo"; VariantName = "[No Variations]"
Add component (AddParameter): Name = "Mfr 1 PN"; Value = "RC0805FR-07100KL"; VariantName = "[No Variations]"
Add component (AddParameter): Name = "Notes"; Value = ""; VariantName = "[No Variations]"
Added Component: Designator=R18(R0805)
Add component (AddParameter): Name = "Mfr 1"; Value = "TE Connectivity Passive Product"; VariantName = "[No Variations]"
Add component (AddParameter): Name = "Mfr 1 PN"; Value = "CRG0805F10K/10"; VariantName = "[No Variations]"
Add component (AddParameter): Name = "Notes"; Value = ""; VariantName = "[No Variations]"
Added Component: Designator=R19(R4122)
Add component (AddParameter): Name = "Mfr 1"; Value = "TE Connectivity Passive Product"; VariantName = "[No Variations]"
Add component (AddParameter): Name = "Mfr 1 PN"; Value = "SMW3R82JT"; VariantName = "[No Variations]"
Add component (AddParameter): Name = "Notes"; Value = ""; VariantName = "[No Variations]"
Added Component: Designator=R20(R4122)
Add component (AddParameter): Name = "Mfr 1"; Value = "TE Connectivity Passive Product"; VariantName = "[No Variations]"
Add component (AddParameter): Name = "Mfr 1 PN"; Value = "SMW3R82JT"; VariantName = "[No Variations]"
Add component (AddParameter): Name = "Notes"; Value = ""; VariantName = "[No Variations]"
Added Component: Designator=R21(R4122)
Add component (AddParameter): Name = "Mfr 1"; Value = "TE Connectivity Passive Product"; VariantName = "[No Variations]"
Add component (AddParameter): Name = "Mfr 1 PN"; Value = "SMW3R82JT"; VariantName = "[No Variations]"
Add component (AddParameter): Name = "Notes"; Value = ""; VariantName = "[No Variations]"
Added Component: Designator=R22(R0805)
Add component (AddParameter): Name = "Mfr 1"; Value = "Yageo"; VariantName = "[No Variations]"
Add component (AddParameter): Name = "Mfr 1 PN"; Value = "RC0805FR-0710KL"; VariantName = "[No Variations]"
Add component (AddParameter): Name = "Notes"; Value = ""; VariantName = "[No Variations]"
Added Component: Designator=R23(R0805)
Add component (AddParameter): Name = "Mfr 1"; Value = "Yageo"; VariantName = "[No Variations]"
Add component (AddParameter): Name = "Mfr 1 PN"; Value = "RC0805FR-0710KL"; VariantName = "[No Variations]"
Add component (AddParameter): Name = "Notes"; Value = ""; VariantName = "[No Variations]"
Added Component: Designator=R24(R0805)
Add component (AddParameter): Name = "Mfr 1"; Value = "Yageo"; VariantName = "[No Variations]"
Add component (AddParameter): Name = "Mfr 1 PN"; Value = "RC0805FR-0710KL"; VariantName = "[No Variations]"
Add component (AddParameter): Name = "Notes"; Value = ""; VariantName = "[No Variations]"
Added Component: Designator=R25(R0805)
Add component (AddParameter): Name = "Mfr 1"; Value = "Stackpole Electronics Inc."; VariantName = "[No Variations]"
Add component (AddParameter): Name = "Mfr 1 PN"; Value = "RMCF0805FT33K0"; VariantName = "[No Variations]"
Add component (AddParameter): Name = "Notes"; Value = ""; VariantName = "[No Variations]"
Added Component: Designator=R26(R0805)
Add component (AddParameter): Name = "Mfr 1"; Value = "Yageo"; VariantName = "[No Variations]"
Add component (AddParameter): Name = "Mfr 1 PN"; Value = "RC0805FR-0747KL"; VariantName = "[No Variations]"
Add component (AddParameter): Name = "Notes"; Value = ""; VariantName = "[No Variations]"
Added Component: Designator=R27(R0805)
Add component (AddParameter): Name = "Mfr 1"; Value = "Rohm Semiconductor"; VariantName = "[No Variations]"
Add component (AddParameter): Name = "Mfr 1 PN"; Value = "ESR10EZPF1000"; VariantName = "[No Variations]"
Add component (AddParameter): Name = "Notes"; Value = ""; VariantName = "[No Variations]"
Added Component: Designator=R28(R0805)
Add component (AddParameter): Name = "Mfr 1"; Value = "Yageo"; VariantName = "[No Variations]"
Add component (AddParameter): Name = "Mfr 1 PN"; Value = "RC0805FR-07100KL"; VariantName = "[No Variations]"
Add component (AddParameter): Name = "Notes"; Value = ""; VariantName = "[No Variations]"
Added Component: Designator=R29(R0805)
Add component (AddParameter): Name = "Mfr 1"; Value = "TE Connectivity Passive Product"; VariantName = "[No Variations]"
Add component (AddParameter): Name = "Mfr 1 PN"; Value = "CRG0805F10K/10"; VariantName = "[No Variations]"
Add component (AddParameter): Name = "Notes"; Value = ""; VariantName = "[No Variations]"
Added Component: Designator=R30(R4122)
Add component (AddParameter): Name = "Mfr 1"; Value = "TE Connectivity Passive Product"; VariantName = "[No Variations]"
Add component (AddParameter): Name = "Mfr 1 PN"; Value = "SMW3R82JT"; VariantName = "[No Variations]"
Add component (AddParameter): Name = "Notes"; Value = ""; VariantName = "[No Variations]"
Added Component: Designator=R31(R4122)
Add component (AddParameter): Name = "Mfr 1"; Value = "TE Connectivity Passive Product"; VariantName = "[No Variations]"
Add component (AddParameter): Name = "Mfr 1 PN"; Value = "SMW3R82JT"; VariantName = "[No Variations]"
Add component (AddParameter): Name = "Notes"; Value = ""; VariantName = "[No Variations]"
Added Component: Designator=R32(R4122)
Add component (AddParameter): Name = "Mfr 1"; Value = "TE Connectivity Passive Product"; VariantName = "[No Variations]"
Add component (AddParameter): Name = "Mfr 1 PN"; Value = "SMW3R82JT"; VariantName = "[No Variations]"
Add component (AddParameter): Name = "Notes"; Value = ""; VariantName = "[No Variations]"
Added Component: Designator=R33(R0805)
Add component (AddParameter): Name = "Mfr 1"; Value = "Yageo"; VariantName = "[No Variations]"
Add component (AddParameter): Name = "Mfr 1 PN"; Value = "RC0805FR-0710KL"; VariantName = "[No Variations]"
Add component (AddParameter): Name = "Notes"; Value = ""; VariantName = "[No Variations]"
Added Component: Designator=R34(R0805)
Add component (AddParameter): Name = "Mfr 1"; Value = "Yageo"; VariantName = "[No Variations]"
Add component (AddParameter): Name = "Mfr 1 PN"; Value = "RC0805FR-0710KL"; VariantName = "[No Variations]"
Add component (AddParameter): Name = "Notes"; Value = ""; VariantName = "[No Variations]"
Added Component: Designator=R35(R0805)
Add component (AddParameter): Name = "Mfr 1"; Value = "Yageo"; VariantName = "[No Variations]"
Add component (AddParameter): Name = "Mfr 1 PN"; Value = "RC0805FR-0710KL"; VariantName = "[No Variations]"
Add component (AddParameter): Name = "Notes"; Value = ""; VariantName = "[No Variations]"
Added Component: Designator=R36(R0805)
Add component (AddParameter): Name = "Mfr 1"; Value = "Stackpole Electronics Inc."; VariantName = "[No Variations]"
Add component (AddParameter): Name = "Mfr 1 PN"; Value = "RMCF0805FT33K0"; VariantName = "[No Variations]"
Add component (AddParameter): Name = "Notes"; Value = ""; VariantName = "[No Variations]"
Added Component: Designator=R37(R0805)
Add component (AddParameter): Name = "Mfr 1"; Value = "Yageo"; VariantName = "[No Variations]"
Add component (AddParameter): Name = "Mfr 1 PN"; Value = "RC0805FR-0747KL"; VariantName = "[No Variations]"
Add component (AddParameter): Name = "Notes"; Value = ""; VariantName = "[No Variations]"
Added Component: Designator=R38(R0805)
Add component (AddParameter): Name = "Mfr 1"; Value = "Rohm Semiconductor"; VariantName = "[No Variations]"
Add component (AddParameter): Name = "Mfr 1 PN"; Value = "ESR10EZPF1000"; VariantName = "[No Variations]"
Add component (AddParameter): Name = "Notes"; Value = ""; VariantName = "[No Variations]"
Added Component: Designator=R39(R0805)
Add component (AddParameter): Name = "Mfr 1"; Value = "Yageo"; VariantName = "[No Variations]"
Add component (AddParameter): Name = "Mfr 1 PN"; Value = "RC0805FR-07100KL"; VariantName = "[No Variations]"
Add component (AddParameter): Name = "Notes"; Value = ""; VariantName = "[No Variations]"
Added Component: Designator=R40(R0805)
Add component (AddParameter): Name = "Mfr 1"; Value = "TE Connectivity Passive Product"; VariantName = "[No Variations]"
Add component (AddParameter): Name = "Mfr 1 PN"; Value = "CRG0805F10K/10"; VariantName = "[No Variations]"
Add component (AddParameter): Name = "Notes"; Value = ""; VariantName = "[No Variations]"
Added Component: Designator=R41(R4122)
Add component (AddParameter): Name = "Mfr 1"; Value = "TE Connectivity Passive Product"; VariantName = "[No Variations]"
Add component (AddParameter): Name = "Mfr 1 PN"; Value = "SMW3R82JT"; VariantName = "[No Variations]"
Add component (AddParameter): Name = "Notes"; Value = ""; VariantName = "[No Variations]"
Added Component: Designator=R42(R4122)
Add component (AddParameter): Name = "Mfr 1"; Value = "TE Connectivity Passive Product"; VariantName = "[No Variations]"
Add component (AddParameter): Name = "Mfr 1 PN"; Value = "SMW3R82JT"; VariantName = "[No Variations]"
Add component (AddParameter): Name = "Notes"; Value = ""; VariantName = "[No Variations]"
Added Component: Designator=R43(R4122)
Add component (AddParameter): Name = "Mfr 1"; Value = "TE Connectivity Passive Product"; VariantName = "[No Variations]"
Add component (AddParameter): Name = "Mfr 1 PN"; Value = "SMW3R82JT"; VariantName = "[No Variations]"
Add component (AddParameter): Name = "Notes"; Value = ""; VariantName = "[No Variations]"
Added Component: Designator=R44(R0805)
Add component (AddParameter): Name = "Mfr 1"; Value = "Yageo"; VariantName = "[No Variations]"
Add component (AddParameter): Name = "Mfr 1 PN"; Value = "RC0805FR-0710KL"; VariantName = "[No Variations]"
Add component (AddParameter): Name = "Notes"; Value = ""; VariantName = "[No Variations]"
Added Component: Designator=R45(R0805)
Add component (AddParameter): Name = "Mfr 1"; Value = "Yageo"; VariantName = "[No Variations]"
Add component (AddParameter): Name = "Mfr 1 PN"; Value = "RC0805FR-0710KL"; VariantName = "[No Variations]"
Add component (AddParameter): Name = "Notes"; Value = ""; VariantName = "[No Variations]"
Added Component: Designator=R46(R0805)
Add component (AddParameter): Name = "Mfr 1"; Value = "Yageo"; VariantName = "[No Variations]"
Add component (AddParameter): Name = "Mfr 1 PN"; Value = "RC0805FR-0710KL"; VariantName = "[No Variations]"
Add component (AddParameter): Name = "Notes"; Value = ""; VariantName = "[No Variations]"
Added Component: Designator=R47(R0805)
Add component (AddParameter): Name = "Mfr 1"; Value = "Stackpole Electronics Inc."; VariantName = "[No Variations]"
Add component (AddParameter): Name = "Mfr 1 PN"; Value = "RMCF0805FT33K0"; VariantName = "[No Variations]"
Add component (AddParameter): Name = "Notes"; Value = ""; VariantName = "[No Variations]"
Added Component: Designator=R48(R0805)
Add component (AddParameter): Name = "Mfr 1"; Value = "Yageo"; VariantName = "[No Variations]"
Add component (AddParameter): Name = "Mfr 1 PN"; Value = "RC0805FR-0747KL"; VariantName = "[No Variations]"
Add component (AddParameter): Name = "Notes"; Value = ""; VariantName = "[No Variations]"
Added Component: Designator=R52(R0805)
Add component (AddParameter): Name = "Mfr 1"; Value = "Rohm Semiconductor"; VariantName = "[No Variations]"
Add component (AddParameter): Name = "Mfr 1 PN"; Value = "ESR10EZPF1000"; VariantName = "[No Variations]"
Add component (AddParameter): Name = "Notes"; Value = ""; VariantName = "[No Variations]"
Added Component: Designator=R53(R0805)
Add component (AddParameter): Name = "Mfr 1"; Value = "Yageo"; VariantName = "[No Variations]"
Add component (AddParameter): Name = "Mfr 1 PN"; Value = "RC0805FR-07100KL"; VariantName = "[No Variations]"
Add component (AddParameter): Name = "Notes"; Value = ""; VariantName = "[No Variations]"
Added Component: Designator=R54(R0805)
Add component (AddParameter): Name = "Mfr 1"; Value = "TE Connectivity Passive Product"; VariantName = "[No Variations]"
Add component (AddParameter): Name = "Mfr 1 PN"; Value = "CRG0805F10K/10"; VariantName = "[No Variations]"
Add component (AddParameter): Name = "Notes"; Value = ""; VariantName = "[No Variations]"
Added Component: Designator=R55(R4122)
Add component (AddParameter): Name = "Mfr 1"; Value = "TE Connectivity Passive Product"; VariantName = "[No Variations]"
Add component (AddParameter): Name = "Mfr 1 PN"; Value = "SMW3R82JT"; VariantName = "[No Variations]"
Add component (AddParameter): Name = "Notes"; Value = ""; VariantName = "[No Variations]"
Added Component: Designator=R56(R4122)
Add component (AddParameter): Name = "Mfr 1"; Value = "TE Connectivity Passive Product"; VariantName = "[No Variations]"
Add component (AddParameter): Name = "Mfr 1 PN"; Value = "SMW3R82JT"; VariantName = "[No Variations]"
Add component (AddParameter): Name = "Notes"; Value = ""; VariantName = "[No Variations]"
Added Component: Designator=R57(R4122)
Add component (AddParameter): Name = "Mfr 1"; Value = "TE Connectivity Passive Product"; VariantName = "[No Variations]"
Add component (AddParameter): Name = "Mfr 1 PN"; Value = "SMW3R82JT"; VariantName = "[No Variations]"
Add component (AddParameter): Name = "Notes"; Value = ""; VariantName = "[No Variations]"
Added Component: Designator=R58(R0805)
Add component (AddParameter): Name = "Mfr 1"; Value = "Yageo"; VariantName = "[No Variations]"
Add component (AddParameter): Name = "Mfr 1 PN"; Value = "RC0805FR-0710KL"; VariantName = "[No Variations]"
Add component (AddParameter): Name = "Notes"; Value = ""; VariantName = "[No Variations]"
Added Component: Designator=R59(R0805)
Add component (AddParameter): Name = "Mfr 1"; Value = "Yageo"; VariantName = "[No Variations]"
Add component (AddParameter): Name = "Mfr 1 PN"; Value = "RC0805FR-0710KL"; VariantName = "[No Variations]"
Add component (AddParameter): Name = "Notes"; Value = ""; VariantName = "[No Variations]"
Added Component: Designator=R60(R0805)
Add component (AddParameter): Name = "Mfr 1"; Value = "Yageo"; VariantName = "[No Variations]"
Add component (AddParameter): Name = "Mfr 1 PN"; Value = "RC0805FR-0710KL"; VariantName = "[No Variations]"
Add component (AddParameter): Name = "Notes"; Value = ""; VariantName = "[No Variations]"
Added Component: Designator=R61(R0805)
Add component (AddParameter): Name = "Mfr 1"; Value = "Stackpole Electronics Inc."; VariantName = "[No Variations]"
Add component (AddParameter): Name = "Mfr 1 PN"; Value = "RMCF0805FT33K0"; VariantName = "[No Variations]"
Add component (AddParameter): Name = "Notes"; Value = ""; VariantName = "[No Variations]"
Added Component: Designator=R62(R0805)
Add component (AddParameter): Name = "Mfr 1"; Value = "Yageo"; VariantName = "[No Variations]"
Add component (AddParameter): Name = "Mfr 1 PN"; Value = "RC0805FR-0747KL"; VariantName = "[No Variations]"
Add component (AddParameter): Name = "Notes"; Value = ""; VariantName = "[No Variations]"
Added Component: Designator=R63(R0805)
Add component (AddParameter): Name = "Mfr 1"; Value = "TE Connectivity Passive Product"; VariantName = "[No Variations]"
Add component (AddParameter): Name = "Mfr 1 PN"; Value = "CRG0805F4K7"; VariantName = "[No Variations]"
Add component (AddParameter): Name = "Notes"; Value = ""; VariantName = "[No Variations]"
Added Component: Designator=R64(R0805)
Add component (AddParameter): Name = "Mfr 1"; Value = "TE Connectivity Passive Product"; VariantName = "[No Variations]"
Add component (AddParameter): Name = "Mfr 1 PN"; Value = "CRG0805F4K7"; VariantName = "[No Variations]"
Add component (AddParameter): Name = "Notes"; Value = ""; VariantName = "[No Variations]"
Added Component: Designator=R65(R0805)
Add component (AddParameter): Name = "Mfr 1"; Value = "TE Connectivity Passive Product"; VariantName = "[No Variations]"
Add component (AddParameter): Name = "Mfr 1 PN"; Value = "CRG0805F4K7"; VariantName = "[No Variations]"
Add component (AddParameter): Name = "Notes"; Value = ""; VariantName = "[No Variations]"
Added Component: Designator=R66(R0805)
Add component (AddParameter): Name = "Mfr 1"; Value = "TE Connectivity Passive Product"; VariantName = "[No Variations]"
Add component (AddParameter): Name = "Mfr 1 PN"; Value = "CRG0805F4K7"; VariantName = "[No Variations]"
Add component (AddParameter): Name = "Notes"; Value = ""; VariantName = "[No Variations]"
Added Component: Designator=R67(R0805)
Add component (AddParameter): Name = "Mfr 1"; Value = "Yageo"; VariantName = "[No Variations]"
Add component (AddParameter): Name = "Mfr 1 PN"; Value = "RC0805FR-0710KL"; VariantName = "[No Variations]"
Add component (AddParameter): Name = "Notes"; Value = ""; VariantName = "[No Variations]"
Added Component: Designator=R68(R0805)
Add component (AddParameter): Name = "Mfr 1"; Value = "Yageo"; VariantName = "[No Variations]"
Add component (AddParameter): Name = "Mfr 1 PN"; Value = "RC0805FR-0710KL"; VariantName = "[No Variations]"
Add component (AddParameter): Name = "Notes"; Value = ""; VariantName = "[No Variations]"
Added Component: Designator=R69(R0805)
Add component (AddParameter): Name = "Mfr 1"; Value = "TE Connectivity Passive Product"; VariantName = "[No Variations]"
Add component (AddParameter): Name = "Mfr 1 PN"; Value = "CRG0805F4K7"; VariantName = "[No Variations]"
Add component (AddParameter): Name = "Notes"; Value = ""; VariantName = "[No Variations]"
Added Component: Designator=R70(R0805)
Add component (AddParameter): Name = "Mfr 1"; Value = "TE Connectivity Passive Product"; VariantName = "[No Variations]"
Add component (AddParameter): Name = "Mfr 1 PN"; Value = "CRG0805F4K7"; VariantName = "[No Variations]"
Add component (AddParameter): Name = "Notes"; Value = ""; VariantName = "[No Variations]"
Added Component: Designator=R71(R0805)
Add component (AddParameter): Name = "Mfr 1"; Value = "TE Connectivity Passive Product"; VariantName = "[No Variations]"
Add component (AddParameter): Name = "Mfr 1 PN"; Value = "CRG0805F4K7"; VariantName = "[No Variations]"
Add component (AddParameter): Name = "Notes"; Value = ""; VariantName = "[No Variations]"
Added Component: Designator=R72(R0805)
Add component (AddParameter): Name = "Mfr 1"; Value = "TE Connectivity Passive Product"; VariantName = "[No Variations]"
Add component (AddParameter): Name = "Mfr 1 PN"; Value = "CRG0805F4K7"; VariantName = "[No Variations]"
Add component (AddParameter): Name = "Notes"; Value = ""; VariantName = "[No Variations]"
Added Component: Designator=R73(R0805)
Add component (AddParameter): Name = "Mfr 1"; Value = "TE Connectivity Passive Product"; VariantName = "[No Variations]"
Add component (AddParameter): Name = "Mfr 1 PN"; Value = "CRG0805F4K7"; VariantName = "[No Variations]"
Add component (AddParameter): Name = "Notes"; Value = ""; VariantName = "[No Variations]"
Added Component: Designator=R74(R0805)
Add component (AddParameter): Name = "Mfr 1"; Value = "TE Connectivity Passive Product"; VariantName = "[No Variations]"
Add component (AddParameter): Name = "Mfr 1 PN"; Value = "CRG0805F4K7"; VariantName = "[No Variations]"
Add component (AddParameter): Name = "Notes"; Value = ""; VariantName = "[No Variations]"
Added Component: Designator=R75(R0805)
Add component (AddParameter): Name = "Mfr 1"; Value = "TE Connectivity Passive Product"; VariantName = "[No Variations]"
Add component (AddParameter): Name = "Mfr 1 PN"; Value = "CRG0805F4K7"; VariantName = "[No Variations]"
Add component (AddParameter): Name = "Notes"; Value = ""; VariantName = "[No Variations]"
Added Component: Designator=R76(R0805)
Add component (AddParameter): Name = "Mfr 1"; Value = "TE Connectivity Passive Product"; VariantName = "[No Variations]"
Add component (AddParameter): Name = "Mfr 1 PN"; Value = "CRG0805F4K7"; VariantName = "[No Variations]"
Add component (AddParameter): Name = "Notes"; Value = ""; VariantName = "[No Variations]"
Added Component: Designator=U2(POWERSO36)
Add component (AddParameter): Name = "Mfr 1"; Value = "STMicroelectronics"; VariantName = "[No Variations]"
Add component (AddParameter): Name = "Mfr 1 PN"; Value = "L6235PD"; VariantName = "[No Variations]"
Add component (AddParameter): Name = "Notes"; Value = ""; VariantName = "[No Variations]"
Added Component: Designator=U3(POWERSO36)
Add component (AddParameter): Name = "Mfr 1"; Value = "STMicroelectronics"; VariantName = "[No Variations]"
Add component (AddParameter): Name = "Mfr 1 PN"; Value = "L6235PD"; VariantName = "[No Variations]"
Add component (AddParameter): Name = "Notes"; Value = ""; VariantName = "[No Variations]"
Added Component: Designator=U4(POWERSO36)
Add component (AddParameter): Name = "Mfr 1"; Value = "STMicroelectronics"; VariantName = "[No Variations]"
Add component (AddParameter): Name = "Mfr 1 PN"; Value = "L6235PD"; VariantName = "[No Variations]"
Add component (AddParameter): Name = "Notes"; Value = ""; VariantName = "[No Variations]"
Added Component: Designator=U5(POWERSO36)
Add component (AddParameter): Name = "Mfr 1"; Value = "STMicroelectronics"; VariantName = "[No Variations]"
Add component (AddParameter): Name = "Mfr 1 PN"; Value = "L6235PD"; VariantName = "[No Variations]"
Add component (AddParameter): Name = "Notes"; Value = ""; VariantName = "[No Variations]"
Added Component: Designator=U8(POWERSO36)
Add component (AddParameter): Name = "Mfr 1"; Value = "STMicroelectronics"; VariantName = "[No Variations]"
Add component (AddParameter): Name = "Mfr 1 PN"; Value = "L6235PD"; VariantName = "[No Variations]"
Add component (AddParameter): Name = "Notes"; Value = ""; VariantName = "[No Variations]"
Added Pin To Net: NetName=+2V8 Pin=R67-2
Added Pin To Net: NetName=+2V8 Pin=R68-2
Added Net: Name=+2V8
Added Pin To Net: NetName=+3V3 Pin=DSW1-2
Added Pin To Net: NetName=+3V3 Pin=DSW1-4
Added Pin To Net: NetName=+3V3 Pin=DSW1-6
Added Pin To Net: NetName=+3V3 Pin=DSW1-8
Added Pin To Net: NetName=+3V3 Pin=DSW1-10
Added Pin To Net: NetName=+3V3 Pin=DSW1-12
Added Pin To Net: NetName=+3V3 Pin=JP4-2
Added Pin To Net: NetName=+3V3 Pin=JP5-1
Added Pin To Net: NetName=+3V3 Pin=JP7-7
Added Pin To Net: NetName=+3V3 Pin=R7-2
Added Pin To Net: NetName=+3V3 Pin=R18-2
Added Pin To Net: NetName=+3V3 Pin=R29-2
Added Pin To Net: NetName=+3V3 Pin=R40-2
Added Pin To Net: NetName=+3V3 Pin=R54-2
Added Pin To Net: NetName=+3V3 Pin=R63-1
Added Pin To Net: NetName=+3V3 Pin=R64-1
Added Pin To Net: NetName=+3V3 Pin=R65-1
Added Pin To Net: NetName=+3V3 Pin=R66-1
Added Pin To Net: NetName=+3V3 Pin=R69-1
Added Pin To Net: NetName=+3V3 Pin=R70-1
Added Net: Name=+3V3
Added Pin To Net: NetName=+5V Pin=C72-1
Added Pin To Net: NetName=+5V Pin=C73-2
Added Pin To Net: NetName=+5V Pin=C74-1
Added Pin To Net: NetName=+5V Pin=C75-2
Added Pin To Net: NetName=+5V Pin=C76-1
Added Pin To Net: NetName=+5V Pin=C77-2
Added Pin To Net: NetName=+5V Pin=C78-1
Added Pin To Net: NetName=+5V Pin=C79-2
Added Pin To Net: NetName=+5V Pin=C80-1
Added Pin To Net: NetName=+5V Pin=C81-2
Added Pin To Net: NetName=+5V Pin=JP4-1
Added Pin To Net: NetName=+5V Pin=JP6-1
Added Pin To Net: NetName=+5V Pin=JP7-8
Added Pin To Net: NetName=+5V Pin=JP8-11
Added Pin To Net: NetName=+5V Pin=JST1-9
Added Pin To Net: NetName=+5V Pin=JST1-10
Added Pin To Net: NetName=+5V Pin=JST1-15
Added Pin To Net: NetName=+5V Pin=JST2-9
Added Pin To Net: NetName=+5V Pin=JST2-10
Added Pin To Net: NetName=+5V Pin=JST2-15
Added Pin To Net: NetName=+5V Pin=JST3-9
Added Pin To Net: NetName=+5V Pin=JST3-10
Added Pin To Net: NetName=+5V Pin=JST3-15
Added Pin To Net: NetName=+5V Pin=JST4-9
Added Pin To Net: NetName=+5V Pin=JST4-10
Added Pin To Net: NetName=+5V Pin=JST4-15
Added Pin To Net: NetName=+5V Pin=JST5-9
Added Pin To Net: NetName=+5V Pin=JST5-10
Added Pin To Net: NetName=+5V Pin=JST5-15
Added Pin To Net: NetName=+5V Pin=R11-1
Added Pin To Net: NetName=+5V Pin=R12-1
Added Pin To Net: NetName=+5V Pin=R13-1
Added Pin To Net: NetName=+5V Pin=R22-1
Added Pin To Net: NetName=+5V Pin=R23-1
Added Pin To Net: NetName=+5V Pin=R24-1
Added Pin To Net: NetName=+5V Pin=R33-1
Added Pin To Net: NetName=+5V Pin=R34-1
Added Pin To Net: NetName=+5V Pin=R35-1
Added Pin To Net: NetName=+5V Pin=R44-1
Added Pin To Net: NetName=+5V Pin=R45-1
Added Pin To Net: NetName=+5V Pin=R46-1
Added Pin To Net: NetName=+5V Pin=R58-1
Added Pin To Net: NetName=+5V Pin=R59-1
Added Pin To Net: NetName=+5V Pin=R60-1
Added Net: Name=+5V
Added Pin To Net: NetName=+24V Pin=C25-1
Added Pin To Net: NetName=+24V Pin=C26-2
Added Pin To Net: NetName=+24V Pin=C31-1
Added Pin To Net: NetName=+24V Pin=C32-2
Added Pin To Net: NetName=+24V Pin=C37-1
Added Pin To Net: NetName=+24V Pin=C38-2
Added Pin To Net: NetName=+24V Pin=C43-1
Added Pin To Net: NetName=+24V Pin=C44-2
Added Pin To Net: NetName=+24V Pin=C66-1
Added Pin To Net: NetName=+24V Pin=C67-2
Added Pin To Net: NetName=+24V Pin=C83-2
Added Pin To Net: NetName=+24V Pin=C84-2
Added Pin To Net: NetName=+24V Pin=C85-2
Added Pin To Net: NetName=+24V Pin=C86-2
Added Pin To Net: NetName=+24V Pin=C87-2
Added Pin To Net: NetName=+24V Pin=D1-1
Added Pin To Net: NetName=+24V Pin=D3-1
Added Pin To Net: NetName=+24V Pin=D5-1
Added Pin To Net: NetName=+24V Pin=D7-1
Added Pin To Net: NetName=+24V Pin=D10-1
Added Pin To Net: NetName=+24V Pin=JP1-1
Added Pin To Net: NetName=+24V Pin=U2-4
Added Pin To Net: NetName=+24V Pin=U2-33
Added Pin To Net: NetName=+24V Pin=U3-4
Added Pin To Net: NetName=+24V Pin=U3-33
Added Pin To Net: NetName=+24V Pin=U4-4
Added Pin To Net: NetName=+24V Pin=U4-33
Added Pin To Net: NetName=+24V Pin=U5-4
Added Pin To Net: NetName=+24V Pin=U5-33
Added Pin To Net: NetName=+24V Pin=U8-4
Added Pin To Net: NetName=+24V Pin=U8-33
Added Net: Name=+24V
Added Pin To Net: NetName=+VBAT Pin=JP2-1
Added Pin To Net: NetName=+VBAT Pin=JP3-1
Added Net: Name=+VBAT
Added Pin To Net: NetName=GND Pin=C25-2
Added Pin To Net: NetName=GND Pin=C28-2
Added Pin To Net: NetName=GND Pin=C29-1
Added Pin To Net: NetName=GND Pin=C30-1
Added Pin To Net: NetName=GND Pin=C31-2
Added Pin To Net: NetName=GND Pin=C34-2
Added Pin To Net: NetName=GND Pin=C35-1
Added Pin To Net: NetName=GND Pin=C36-1
Added Pin To Net: NetName=GND Pin=C37-2
Added Pin To Net: NetName=GND Pin=C40-2
Added Pin To Net: NetName=GND Pin=C41-1
Added Pin To Net: NetName=GND Pin=C42-1
Added Pin To Net: NetName=GND Pin=C43-2
Added Pin To Net: NetName=GND Pin=C46-2
Added Pin To Net: NetName=GND Pin=C47-1
Added Pin To Net: NetName=GND Pin=C48-1
Added Pin To Net: NetName=GND Pin=C66-2
Added Pin To Net: NetName=GND Pin=C69-2
Added Pin To Net: NetName=GND Pin=C70-1
Added Pin To Net: NetName=GND Pin=C71-1
Added Pin To Net: NetName=GND Pin=C72-2
Added Pin To Net: NetName=GND Pin=C73-1
Added Pin To Net: NetName=GND Pin=C74-2
Added Pin To Net: NetName=GND Pin=C75-1
Added Pin To Net: NetName=GND Pin=C76-2
Added Pin To Net: NetName=GND Pin=C77-1
Added Pin To Net: NetName=GND Pin=C78-2
Added Pin To Net: NetName=GND Pin=C79-1
Added Pin To Net: NetName=GND Pin=C80-2
Added Pin To Net: NetName=GND Pin=C81-1
Added Pin To Net: NetName=GND Pin=C83-1
Added Pin To Net: NetName=GND Pin=C84-1
Added Pin To Net: NetName=GND Pin=C85-1
Added Pin To Net: NetName=GND Pin=C86-1
Added Pin To Net: NetName=GND Pin=C87-1
Added Pin To Net: NetName=GND Pin=JP1-2
Added Pin To Net: NetName=GND Pin=JP2-2
Added Pin To Net: NetName=GND Pin=JP3-2
Added Pin To Net: NetName=GND Pin=JP4-4
Added Pin To Net: NetName=GND Pin=JP5-3
Added Pin To Net: NetName=GND Pin=JP6-6
Added Pin To Net: NetName=GND Pin=JP7-5
Added Pin To Net: NetName=GND Pin=JP7-6
Added Pin To Net: NetName=GND Pin=JP8-5
Added Pin To Net: NetName=GND Pin=JP8-6
Added Pin To Net: NetName=GND Pin=JST1-7
Added Pin To Net: NetName=GND Pin=JST1-8
Added Pin To Net: NetName=GND Pin=JST1-16
Added Pin To Net: NetName=GND Pin=JST2-7
Added Pin To Net: NetName=GND Pin=JST2-8
Added Pin To Net: NetName=GND Pin=JST2-16
Added Pin To Net: NetName=GND Pin=JST3-7
Added Pin To Net: NetName=GND Pin=JST3-8
Added Pin To Net: NetName=GND Pin=JST3-16
Added Pin To Net: NetName=GND Pin=JST4-7
Added Pin To Net: NetName=GND Pin=JST4-8
Added Pin To Net: NetName=GND Pin=JST4-16
Added Pin To Net: NetName=GND Pin=JST5-7
Added Pin To Net: NetName=GND Pin=JST5-8
Added Pin To Net: NetName=GND Pin=JST5-16
Added Pin To Net: NetName=GND Pin=R8-1
Added Pin To Net: NetName=GND Pin=R9-1
Added Pin To Net: NetName=GND Pin=R10-1
Added Pin To Net: NetName=GND Pin=R14-1
Added Pin To Net: NetName=GND Pin=R15-1
Added Pin To Net: NetName=GND Pin=R19-1
Added Pin To Net: NetName=GND Pin=R20-1
Added Pin To Net: NetName=GND Pin=R21-1
Added Pin To Net: NetName=GND Pin=R25-1
Added Pin To Net: NetName=GND Pin=R26-1
Added Pin To Net: NetName=GND Pin=R30-1
Added Pin To Net: NetName=GND Pin=R31-1
Added Pin To Net: NetName=GND Pin=R32-1
Added Pin To Net: NetName=GND Pin=R36-1
Added Pin To Net: NetName=GND Pin=R37-1
Added Pin To Net: NetName=GND Pin=R41-1
Added Pin To Net: NetName=GND Pin=R42-1
Added Pin To Net: NetName=GND Pin=R43-1
Added Pin To Net: NetName=GND Pin=R47-1
Added Pin To Net: NetName=GND Pin=R48-1
Added Pin To Net: NetName=GND Pin=R55-1
Added Pin To Net: NetName=GND Pin=R56-1
Added Pin To Net: NetName=GND Pin=R57-1
Added Pin To Net: NetName=GND Pin=R61-1
Added Pin To Net: NetName=GND Pin=R62-1
Added Pin To Net: NetName=GND Pin=R71-1
Added Pin To Net: NetName=GND Pin=R72-1
Added Pin To Net: NetName=GND Pin=R73-1
Added Pin To Net: NetName=GND Pin=R74-1
Added Pin To Net: NetName=GND Pin=R75-1
Added Pin To Net: NetName=GND Pin=R76-1
Added Pin To Net: NetName=GND Pin=U2-1
Added Pin To Net: NetName=GND Pin=U2-18
Added Pin To Net: NetName=GND Pin=U2-19
Added Pin To Net: NetName=GND Pin=U2-36
Added Pin To Net: NetName=GND Pin=U2-37
Added Pin To Net: NetName=GND Pin=U2-37
Added Pin To Net: NetName=GND Pin=U3-1
Added Pin To Net: NetName=GND Pin=U3-18
Added Pin To Net: NetName=GND Pin=U3-19
Added Pin To Net: NetName=GND Pin=U3-36
Added Pin To Net: NetName=GND Pin=U3-37
Added Pin To Net: NetName=GND Pin=U3-37
Added Pin To Net: NetName=GND Pin=U4-1
Added Pin To Net: NetName=GND Pin=U4-18
Added Pin To Net: NetName=GND Pin=U4-19
Added Pin To Net: NetName=GND Pin=U4-36
Added Pin To Net: NetName=GND Pin=U4-37
Added Pin To Net: NetName=GND Pin=U4-37
Added Pin To Net: NetName=GND Pin=U5-1
Added Pin To Net: NetName=GND Pin=U5-18
Added Pin To Net: NetName=GND Pin=U5-19
Added Pin To Net: NetName=GND Pin=U5-36
Added Pin To Net: NetName=GND Pin=U5-37
Added Pin To Net: NetName=GND Pin=U5-37
Added Pin To Net: NetName=GND Pin=U8-1
Added Pin To Net: NetName=GND Pin=U8-18
Added Pin To Net: NetName=GND Pin=U8-19
Added Pin To Net: NetName=GND Pin=U8-36
Added Pin To Net: NetName=GND Pin=U8-37
Added Pin To Net: NetName=GND Pin=U8-37
Added Net: Name=GND
Added Pin To Net: NetName=NetC26_1 Pin=C26-1
Added Pin To Net: NetName=NetC26_1 Pin=D2-2
Added Pin To Net: NetName=NetC26_1 Pin=U2-30
Added Net: Name=NetC26_1
Added Pin To Net: NetName=NetC27_1 Pin=C27-1
Added Pin To Net: NetName=NetC27_1 Pin=R5-2
Added Net: Name=NetC27_1
Added Pin To Net: NetName=NetC27_2 Pin=C27-2
Added Pin To Net: NetName=NetC27_2 Pin=U2-7
Added Net: Name=NetC27_2
Added Pin To Net: NetName=NetC28_1 Pin=C28-1
Added Pin To Net: NetName=NetC28_1 Pin=R6-1
Added Pin To Net: NetName=NetC28_1 Pin=U2-11
Added Pin To Net: NetName=NetC28_1 Pin=U2-27
Added Net: Name=NetC28_1
Added Pin To Net: NetName=NetC29_2 Pin=C29-2
Added Pin To Net: NetName=NetC29_2 Pin=R14-2
Added Pin To Net: NetName=NetC29_2 Pin=U2-13
Added Net: Name=NetC29_2
Added Pin To Net: NetName=NetC30_2 Pin=C30-2
Added Pin To Net: NetName=NetC30_2 Pin=R15-2
Added Pin To Net: NetName=NetC30_2 Pin=U2-24
Added Net: Name=NetC30_2
Added Pin To Net: NetName=NetC32_1 Pin=C32-1
Added Pin To Net: NetName=NetC32_1 Pin=D4-2
Added Pin To Net: NetName=NetC32_1 Pin=U3-30
Added Net: Name=NetC32_1
Added Pin To Net: NetName=NetC33_1 Pin=C33-1
Added Pin To Net: NetName=NetC33_1 Pin=R16-2
Added Net: Name=NetC33_1
Added Pin To Net: NetName=NetC33_2 Pin=C33-2
Added Pin To Net: NetName=NetC33_2 Pin=U3-7
Added Net: Name=NetC33_2
Added Pin To Net: NetName=NetC34_1 Pin=C34-1
Added Pin To Net: NetName=NetC34_1 Pin=R17-1
Added Pin To Net: NetName=NetC34_1 Pin=U3-11
Added Pin To Net: NetName=NetC34_1 Pin=U3-27
Added Net: Name=NetC34_1
Added Pin To Net: NetName=NetC35_2 Pin=C35-2
Added Pin To Net: NetName=NetC35_2 Pin=R25-2
Added Pin To Net: NetName=NetC35_2 Pin=U3-13
Added Net: Name=NetC35_2
Added Pin To Net: NetName=NetC36_2 Pin=C36-2
Added Pin To Net: NetName=NetC36_2 Pin=R26-2
Added Pin To Net: NetName=NetC36_2 Pin=U3-24
Added Net: Name=NetC36_2
Added Pin To Net: NetName=NetC38_1 Pin=C38-1
Added Pin To Net: NetName=NetC38_1 Pin=D6-2
Added Pin To Net: NetName=NetC38_1 Pin=U4-30
Added Net: Name=NetC38_1
Added Pin To Net: NetName=NetC39_1 Pin=C39-1
Added Pin To Net: NetName=NetC39_1 Pin=R27-2
Added Net: Name=NetC39_1
Added Pin To Net: NetName=NetC39_2 Pin=C39-2
Added Pin To Net: NetName=NetC39_2 Pin=U4-7
Added Net: Name=NetC39_2
Added Pin To Net: NetName=NetC40_1 Pin=C40-1
Added Pin To Net: NetName=NetC40_1 Pin=R28-1
Added Pin To Net: NetName=NetC40_1 Pin=U4-11
Added Pin To Net: NetName=NetC40_1 Pin=U4-27
Added Net: Name=NetC40_1
Added Pin To Net: NetName=NetC41_2 Pin=C41-2
Added Pin To Net: NetName=NetC41_2 Pin=R36-2
Added Pin To Net: NetName=NetC41_2 Pin=U4-13
Added Net: Name=NetC41_2
Added Pin To Net: NetName=NetC42_2 Pin=C42-2
Added Pin To Net: NetName=NetC42_2 Pin=R37-2
Added Pin To Net: NetName=NetC42_2 Pin=U4-24
Added Net: Name=NetC42_2
Added Pin To Net: NetName=NetC44_1 Pin=C44-1
Added Pin To Net: NetName=NetC44_1 Pin=D8-2
Added Pin To Net: NetName=NetC44_1 Pin=U5-30
Added Net: Name=NetC44_1
Added Pin To Net: NetName=NetC45_1 Pin=C45-1
Added Pin To Net: NetName=NetC45_1 Pin=R38-2
Added Net: Name=NetC45_1
Added Pin To Net: NetName=NetC45_2 Pin=C45-2
Added Pin To Net: NetName=NetC45_2 Pin=U5-7
Added Net: Name=NetC45_2
Added Pin To Net: NetName=NetC46_1 Pin=C46-1
Added Pin To Net: NetName=NetC46_1 Pin=R39-1
Added Pin To Net: NetName=NetC46_1 Pin=U5-11
Added Pin To Net: NetName=NetC46_1 Pin=U5-27
Added Net: Name=NetC46_1
Added Pin To Net: NetName=NetC47_2 Pin=C47-2
Added Pin To Net: NetName=NetC47_2 Pin=R47-2
Added Pin To Net: NetName=NetC47_2 Pin=U5-13
Added Net: Name=NetC47_2
Added Pin To Net: NetName=NetC48_2 Pin=C48-2
Added Pin To Net: NetName=NetC48_2 Pin=R48-2
Added Pin To Net: NetName=NetC48_2 Pin=U5-24
Added Net: Name=NetC48_2
Added Pin To Net: NetName=NetC67_1 Pin=C67-1
Added Pin To Net: NetName=NetC67_1 Pin=D11-2
Added Pin To Net: NetName=NetC67_1 Pin=U8-30
Added Net: Name=NetC67_1
Added Pin To Net: NetName=NetC68_1 Pin=C68-1
Added Pin To Net: NetName=NetC68_1 Pin=R52-2
Added Net: Name=NetC68_1
Added Pin To Net: NetName=NetC68_2 Pin=C68-2
Added Pin To Net: NetName=NetC68_2 Pin=U8-7
Added Net: Name=NetC68_2
Added Pin To Net: NetName=NetC69_1 Pin=C69-1
Added Pin To Net: NetName=NetC69_1 Pin=R53-1
Added Pin To Net: NetName=NetC69_1 Pin=U8-11
Added Pin To Net: NetName=NetC69_1 Pin=U8-27
Added Net: Name=NetC69_1
Added Pin To Net: NetName=NetC70_2 Pin=C70-2
Added Pin To Net: NetName=NetC70_2 Pin=R61-2
Added Pin To Net: NetName=NetC70_2 Pin=U8-13
Added Net: Name=NetC70_2
Added Pin To Net: NetName=NetC71_2 Pin=C71-2
Added Pin To Net: NetName=NetC71_2 Pin=R62-2
Added Pin To Net: NetName=NetC71_2 Pin=U8-24
Added Net: Name=NetC71_2
Added Pin To Net: NetName=NetD1_2 Pin=D1-2
Added Pin To Net: NetName=NetD1_2 Pin=D2-1
Added Pin To Net: NetName=NetD1_2 Pin=R5-1
Added Net: Name=NetD1_2
Added Pin To Net: NetName=NetD3_2 Pin=D3-2
Added Pin To Net: NetName=NetD3_2 Pin=D4-1
Added Pin To Net: NetName=NetD3_2 Pin=R16-1
Added Net: Name=NetD3_2
Added Pin To Net: NetName=NetD5_2 Pin=D5-2
Added Pin To Net: NetName=NetD5_2 Pin=D6-1
Added Pin To Net: NetName=NetD5_2 Pin=R27-1
Added Net: Name=NetD5_2
Added Pin To Net: NetName=NetD7_2 Pin=D7-2
Added Pin To Net: NetName=NetD7_2 Pin=D8-1
Added Pin To Net: NetName=NetD7_2 Pin=R38-1
Added Net: Name=NetD7_2
Added Pin To Net: NetName=NetD10_2 Pin=D10-2
Added Pin To Net: NetName=NetD10_2 Pin=D11-1
Added Pin To Net: NetName=NetD10_2 Pin=R52-1
Added Net: Name=NetD10_2
Added Pin To Net: NetName=NetDSW1_1 Pin=DSW1-1
Added Pin To Net: NetName=NetDSW1_1 Pin=R71-2
Added Net: Name=NetDSW1_1
Added Pin To Net: NetName=NetDSW1_3 Pin=DSW1-3
Added Pin To Net: NetName=NetDSW1_3 Pin=R72-2
Added Net: Name=NetDSW1_3
Added Pin To Net: NetName=NetDSW1_5 Pin=DSW1-5
Added Pin To Net: NetName=NetDSW1_5 Pin=R73-2
Added Net: Name=NetDSW1_5
Added Pin To Net: NetName=NetDSW1_7 Pin=DSW1-7
Added Pin To Net: NetName=NetDSW1_7 Pin=R74-2
Added Net: Name=NetDSW1_7
Added Pin To Net: NetName=NetDSW1_9 Pin=DSW1-9
Added Pin To Net: NetName=NetDSW1_9 Pin=R75-2
Added Net: Name=NetDSW1_9
Added Pin To Net: NetName=NetDSW1_11 Pin=DSW1-11
Added Pin To Net: NetName=NetDSW1_11 Pin=R76-2
Added Net: Name=NetDSW1_11
Added Pin To Net: NetName=NetJP4_3 Pin=JP4-3
Added Pin To Net: NetName=NetJP4_3 Pin=R7-1
Added Pin To Net: NetName=NetJP4_3 Pin=U2-22
Added Net: Name=NetJP4_3
Added Pin To Net: NetName=NetJP4_5 Pin=JP4-5
Added Pin To Net: NetName=NetJP4_5 Pin=R29-1
Added Pin To Net: NetName=NetJP4_5 Pin=U4-22
Added Net: Name=NetJP4_5
Added Pin To Net: NetName=NetJP4_6 Pin=JP4-6
Added Pin To Net: NetName=NetJP4_6 Pin=R18-1
Added Pin To Net: NetName=NetJP4_6 Pin=U3-22
Added Net: Name=NetJP4_6
Added Pin To Net: NetName=NetJP4_7 Pin=JP4-7
Added Net: Name=NetJP4_7
Added Pin To Net: NetName=NetJP4_8 Pin=JP4-8
Added Pin To Net: NetName=NetJP4_8 Pin=R40-1
Added Pin To Net: NetName=NetJP4_8 Pin=U5-22
Added Net: Name=NetJP4_8
Added Pin To Net: NetName=NetJP4_9 Pin=JP4-9
Added Net: Name=NetJP4_9
Added Pin To Net: NetName=NetJP4_10 Pin=JP4-10
Added Net: Name=NetJP4_10
Added Pin To Net: NetName=NetJP4_11 Pin=JP4-11
Added Net: Name=NetJP4_11
Added Pin To Net: NetName=NetJP4_12 Pin=JP4-12
Added Net: Name=NetJP4_12
Added Pin To Net: NetName=NetJP5_2 Pin=JP5-2
Added Net: Name=NetJP5_2
Added Pin To Net: NetName=NetJP5_4 Pin=JP5-4
Added Net: Name=NetJP5_4
Added Pin To Net: NetName=NetJP5_5 Pin=JP5-5
Added Net: Name=NetJP5_5
Added Pin To Net: NetName=NetJP5_6 Pin=JP5-6
Added Net: Name=NetJP5_6
Added Pin To Net: NetName=NetJP5_7 Pin=JP5-7
Added Net: Name=NetJP5_7
Added Pin To Net: NetName=NetJP6_2 Pin=JP6-2
Added Pin To Net: NetName=NetJP6_2 Pin=R68-1
Added Net: Name=NetJP6_2
Added Pin To Net: NetName=NetJP6_3 Pin=JP6-3
Added Pin To Net: NetName=NetJP6_3 Pin=R67-1
Added Net: Name=NetJP6_3
Added Pin To Net: NetName=NetJP6_4 Pin=JP6-4
Added Net: Name=NetJP6_4
Added Pin To Net: NetName=NetJP6_5 Pin=JP6-5
Added Net: Name=NetJP6_5
Added Pin To Net: NetName=NetJP7_1 Pin=JP7-1
Added Net: Name=NetJP7_1
Added Pin To Net: NetName=NetJP7_2 Pin=JP7-2
Added Net: Name=NetJP7_2
Added Pin To Net: NetName=NetJP7_3 Pin=JP7-3
Added Net: Name=NetJP7_3
Added Pin To Net: NetName=NetJP7_4 Pin=JP7-4
Added Net: Name=NetJP7_4
Added Pin To Net: NetName=NetJP7_9 Pin=JP7-9
Added Net: Name=NetJP7_9
Added Pin To Net: NetName=NetJP7_10 Pin=JP7-10
Added Net: Name=NetJP7_10
Added Pin To Net: NetName=NetJP7_11 Pin=JP7-11
Added Net: Name=NetJP7_11
Added Pin To Net: NetName=NetJP7_12 Pin=JP7-12
Added Net: Name=NetJP7_12
Added Pin To Net: NetName=NetJP8_1 Pin=JP8-1
Added Net: Name=NetJP8_1
Added Pin To Net: NetName=NetJP8_2 Pin=JP8-2
Added Net: Name=NetJP8_2
Added Pin To Net: NetName=NetJP8_3 Pin=JP8-3
Added Net: Name=NetJP8_3
Added Pin To Net: NetName=NetJP8_4 Pin=JP8-4
Added Net: Name=NetJP8_4
Added Pin To Net: NetName=NetJP8_7 Pin=JP8-7
Added Net: Name=NetJP8_7
Added Pin To Net: NetName=NetJP8_8 Pin=JP8-8
Added Net: Name=NetJP8_8
Added Pin To Net: NetName=NetJP8_9 Pin=JP8-9
Added Pin To Net: NetName=NetJP8_9 Pin=R70-2
Added Net: Name=NetJP8_9
Added Pin To Net: NetName=NetJP8_10 Pin=JP8-10
Added Net: Name=NetJP8_10
Added Pin To Net: NetName=NetJP8_12 Pin=JP8-12
Added Pin To Net: NetName=NetJP8_12 Pin=R69-2
Added Net: Name=NetJP8_12
Added Pin To Net: NetName=NetJST1_1 Pin=JST1-1
Added Pin To Net: NetName=NetJST1_1 Pin=U2-15
Added Net: Name=NetJST1_1
Added Pin To Net: NetName=NetJST1_2 Pin=JST1-2
Added Pin To Net: NetName=NetJST1_2 Pin=U2-5
Added Net: Name=NetJST1_2
Added Pin To Net: NetName=NetJST1_3 Pin=JST1-3
Added Pin To Net: NetName=NetJST1_3 Pin=R13-2
Added Pin To Net: NetName=NetJST1_3 Pin=U2-10
Added Net: Name=NetJST1_3
Added Pin To Net: NetName=NetJST1_4 Pin=JST1-4
Added Pin To Net: NetName=NetJST1_4 Pin=U2-32
Added Net: Name=NetJST1_4
Added Pin To Net: NetName=NetJST1_5 Pin=JST1-5
Added Pin To Net: NetName=NetJST1_5 Pin=R11-2
Added Pin To Net: NetName=NetJST1_5 Pin=U2-9
Added Net: Name=NetJST1_5
Added Pin To Net: NetName=NetJST1_6 Pin=JST1-6
Added Pin To Net: NetName=NetJST1_6 Pin=R12-2
Added Pin To Net: NetName=NetJST1_6 Pin=U2-8
Added Net: Name=NetJST1_6
Added Pin To Net: NetName=NetJST1_11 Pin=JST1-11
Added Net: Name=NetJST1_11
Added Pin To Net: NetName=NetJST1_12 Pin=JST1-12
Added Net: Name=NetJST1_12
Added Pin To Net: NetName=NetJST1_13 Pin=JST1-13
Added Net: Name=NetJST1_13
Added Pin To Net: NetName=NetJST1_14 Pin=JST1-14
Added Net: Name=NetJST1_14
Added Pin To Net: NetName=NetJST2_1 Pin=JST2-1
Added Pin To Net: NetName=NetJST2_1 Pin=U3-15
Added Net: Name=NetJST2_1
Added Pin To Net: NetName=NetJST2_2 Pin=JST2-2
Added Pin To Net: NetName=NetJST2_2 Pin=U3-5
Added Net: Name=NetJST2_2
Added Pin To Net: NetName=NetJST2_3 Pin=JST2-3
Added Pin To Net: NetName=NetJST2_3 Pin=R24-2
Added Pin To Net: NetName=NetJST2_3 Pin=U3-10
Added Net: Name=NetJST2_3
Added Pin To Net: NetName=NetJST2_4 Pin=JST2-4
Added Pin To Net: NetName=NetJST2_4 Pin=U3-32
Added Net: Name=NetJST2_4
Added Pin To Net: NetName=NetJST2_5 Pin=JST2-5
Added Pin To Net: NetName=NetJST2_5 Pin=R22-2
Added Pin To Net: NetName=NetJST2_5 Pin=U3-9
Added Net: Name=NetJST2_5
Added Pin To Net: NetName=NetJST2_6 Pin=JST2-6
Added Pin To Net: NetName=NetJST2_6 Pin=R23-2
Added Pin To Net: NetName=NetJST2_6 Pin=U3-8
Added Net: Name=NetJST2_6
Added Pin To Net: NetName=NetJST2_11 Pin=JST2-11
Added Net: Name=NetJST2_11
Added Pin To Net: NetName=NetJST2_12 Pin=JST2-12
Added Net: Name=NetJST2_12
Added Pin To Net: NetName=NetJST2_13 Pin=JST2-13
Added Net: Name=NetJST2_13
Added Pin To Net: NetName=NetJST2_14 Pin=JST2-14
Added Net: Name=NetJST2_14
Added Pin To Net: NetName=NetJST3_1 Pin=JST3-1
Added Pin To Net: NetName=NetJST3_1 Pin=U4-15
Added Net: Name=NetJST3_1
Added Pin To Net: NetName=NetJST3_2 Pin=JST3-2
Added Pin To Net: NetName=NetJST3_2 Pin=U4-5
Added Net: Name=NetJST3_2
Added Pin To Net: NetName=NetJST3_3 Pin=JST3-3
Added Pin To Net: NetName=NetJST3_3 Pin=R35-2
Added Pin To Net: NetName=NetJST3_3 Pin=U4-10
Added Net: Name=NetJST3_3
Added Pin To Net: NetName=NetJST3_4 Pin=JST3-4
Added Pin To Net: NetName=NetJST3_4 Pin=U4-32
Added Net: Name=NetJST3_4
Added Pin To Net: NetName=NetJST3_5 Pin=JST3-5
Added Pin To Net: NetName=NetJST3_5 Pin=R33-2
Added Pin To Net: NetName=NetJST3_5 Pin=U4-9
Added Net: Name=NetJST3_5
Added Pin To Net: NetName=NetJST3_6 Pin=JST3-6
Added Pin To Net: NetName=NetJST3_6 Pin=R34-2
Added Pin To Net: NetName=NetJST3_6 Pin=U4-8
Added Net: Name=NetJST3_6
Added Pin To Net: NetName=NetJST3_11 Pin=JST3-11
Added Net: Name=NetJST3_11
Added Pin To Net: NetName=NetJST3_12 Pin=JST3-12
Added Net: Name=NetJST3_12
Added Pin To Net: NetName=NetJST3_13 Pin=JST3-13
Added Net: Name=NetJST3_13
Added Pin To Net: NetName=NetJST3_14 Pin=JST3-14
Added Net: Name=NetJST3_14
Added Pin To Net: NetName=NetJST4_1 Pin=JST4-1
Added Pin To Net: NetName=NetJST4_1 Pin=U5-15
Added Net: Name=NetJST4_1
Added Pin To Net: NetName=NetJST4_2 Pin=JST4-2
Added Pin To Net: NetName=NetJST4_2 Pin=U5-5
Added Net: Name=NetJST4_2
Added Pin To Net: NetName=NetJST4_3 Pin=JST4-3
Added Pin To Net: NetName=NetJST4_3 Pin=R46-2
Added Pin To Net: NetName=NetJST4_3 Pin=U5-10
Added Net: Name=NetJST4_3
Added Pin To Net: NetName=NetJST4_4 Pin=JST4-4
Added Pin To Net: NetName=NetJST4_4 Pin=U5-32
Added Net: Name=NetJST4_4
Added Pin To Net: NetName=NetJST4_5 Pin=JST4-5
Added Pin To Net: NetName=NetJST4_5 Pin=R44-2
Added Pin To Net: NetName=NetJST4_5 Pin=U5-9
Added Net: Name=NetJST4_5
Added Pin To Net: NetName=NetJST4_6 Pin=JST4-6
Added Pin To Net: NetName=NetJST4_6 Pin=R45-2
Added Pin To Net: NetName=NetJST4_6 Pin=U5-8
Added Net: Name=NetJST4_6
Added Pin To Net: NetName=NetJST4_11 Pin=JST4-11
Added Net: Name=NetJST4_11
Added Pin To Net: NetName=NetJST4_12 Pin=JST4-12
Added Net: Name=NetJST4_12
Added Pin To Net: NetName=NetJST4_13 Pin=JST4-13
Added Net: Name=NetJST4_13
Added Pin To Net: NetName=NetJST4_14 Pin=JST4-14
Added Net: Name=NetJST4_14
Added Pin To Net: NetName=NetJST5_1 Pin=JST5-1
Added Pin To Net: NetName=NetJST5_1 Pin=U8-15
Added Net: Name=NetJST5_1
Added Pin To Net: NetName=NetJST5_2 Pin=JST5-2
Added Pin To Net: NetName=NetJST5_2 Pin=U8-5
Added Net: Name=NetJST5_2
Added Pin To Net: NetName=NetJST5_3 Pin=JST5-3
Added Pin To Net: NetName=NetJST5_3 Pin=R60-2
Added Pin To Net: NetName=NetJST5_3 Pin=U8-10
Added Net: Name=NetJST5_3
Added Pin To Net: NetName=NetJST5_4 Pin=JST5-4
Added Pin To Net: NetName=NetJST5_4 Pin=U8-32
Added Net: Name=NetJST5_4
Added Pin To Net: NetName=NetJST5_5 Pin=JST5-5
Added Pin To Net: NetName=NetJST5_5 Pin=R58-2
Added Pin To Net: NetName=NetJST5_5 Pin=U8-9
Added Net: Name=NetJST5_5
Added Pin To Net: NetName=NetJST5_6 Pin=JST5-6
Added Pin To Net: NetName=NetJST5_6 Pin=R59-2
Added Pin To Net: NetName=NetJST5_6 Pin=U8-8
Added Net: Name=NetJST5_6
Added Pin To Net: NetName=NetJST5_11 Pin=JST5-11
Added Net: Name=NetJST5_11
Added Pin To Net: NetName=NetJST5_12 Pin=JST5-12
Added Net: Name=NetJST5_12
Added Pin To Net: NetName=NetJST5_13 Pin=JST5-13
Added Net: Name=NetJST5_13
Added Pin To Net: NetName=NetJST5_14 Pin=JST5-14
Added Net: Name=NetJST5_14
Added Pin To Net: NetName=NetR6_2 Pin=R6-2
Added Net: Name=NetR6_2
Added Pin To Net: NetName=NetR8_2 Pin=R8-2
Added Pin To Net: NetName=NetR8_2 Pin=R9-2
Added Pin To Net: NetName=NetR8_2 Pin=R10-2
Added Pin To Net: NetName=NetR8_2 Pin=U2-12
Added Pin To Net: NetName=NetR8_2 Pin=U2-25
Added Net: Name=NetR8_2
Added Pin To Net: NetName=NetR17_2 Pin=R17-2
Added Net: Name=NetR17_2
Added Pin To Net: NetName=NetR19_2 Pin=R19-2
Added Pin To Net: NetName=NetR19_2 Pin=R20-2
Added Pin To Net: NetName=NetR19_2 Pin=R21-2
Added Pin To Net: NetName=NetR19_2 Pin=U3-12
Added Pin To Net: NetName=NetR19_2 Pin=U3-25
Added Net: Name=NetR19_2
Added Pin To Net: NetName=NetR28_2 Pin=R28-2
Added Net: Name=NetR28_2
Added Pin To Net: NetName=NetR30_2 Pin=R30-2
Added Pin To Net: NetName=NetR30_2 Pin=R31-2
Added Pin To Net: NetName=NetR30_2 Pin=R32-2
Added Pin To Net: NetName=NetR30_2 Pin=U4-12
Added Pin To Net: NetName=NetR30_2 Pin=U4-25
Added Net: Name=NetR30_2
Added Pin To Net: NetName=NetR39_2 Pin=R39-2
Added Net: Name=NetR39_2
Added Pin To Net: NetName=NetR41_2 Pin=R41-2
Added Pin To Net: NetName=NetR41_2 Pin=R42-2
Added Pin To Net: NetName=NetR41_2 Pin=R43-2
Added Pin To Net: NetName=NetR41_2 Pin=U5-12
Added Pin To Net: NetName=NetR41_2 Pin=U5-25
Added Net: Name=NetR41_2
Added Pin To Net: NetName=NetR53_2 Pin=R53-2
Added Net: Name=NetR53_2
Added Pin To Net: NetName=NetR54_1 Pin=R54-1
Added Pin To Net: NetName=NetR54_1 Pin=U8-22
Added Net: Name=NetR54_1
Added Pin To Net: NetName=NetR55_2 Pin=R55-2
Added Pin To Net: NetName=NetR55_2 Pin=R56-2
Added Pin To Net: NetName=NetR55_2 Pin=R57-2
Added Pin To Net: NetName=NetR55_2 Pin=U8-12
Added Pin To Net: NetName=NetR55_2 Pin=U8-25
Added Net: Name=NetR55_2
Added Pin To Net: NetName=NetR63_2 Pin=R63-2
Added Net: Name=NetR63_2
Added Pin To Net: NetName=NetR64_2 Pin=R64-2
Added Net: Name=NetR64_2
Added Pin To Net: NetName=NetR65_2 Pin=R65-2
Added Net: Name=NetR65_2
Added Pin To Net: NetName=NetR66_2 Pin=R66-2
Added Net: Name=NetR66_2
Added Pin To Net: NetName=NetU2_26 Pin=U2-26
Added Net: Name=NetU2_26
Added Pin To Net: NetName=NetU2_28 Pin=U2-28
Added Net: Name=NetU2_28
Added Pin To Net: NetName=NetU2_29 Pin=U2-29
Added Net: Name=NetU2_29
Added Pin To Net: NetName=NetU3_26 Pin=U3-26
Added Net: Name=NetU3_26
Added Pin To Net: NetName=NetU3_28 Pin=U3-28
Added Net: Name=NetU3_28
Added Pin To Net: NetName=NetU3_29 Pin=U3-29
Added Net: Name=NetU3_29
Added Pin To Net: NetName=NetU4_26 Pin=U4-26
Added Net: Name=NetU4_26
Added Pin To Net: NetName=NetU4_28 Pin=U4-28
Added Net: Name=NetU4_28
Added Pin To Net: NetName=NetU4_29 Pin=U4-29
Added Net: Name=NetU4_29
Added Pin To Net: NetName=NetU5_26 Pin=U5-26
Added Net: Name=NetU5_26
Added Pin To Net: NetName=NetU5_28 Pin=U5-28
Added Net: Name=NetU5_28
Added Pin To Net: NetName=NetU5_29 Pin=U5-29
Added Net: Name=NetU5_29
Added Pin To Net: NetName=NetU8_26 Pin=U8-26
Added Net: Name=NetU8_26
Added Pin To Net: NetName=NetU8_28 Pin=U8-28
Added Net: Name=NetU8_28
Added Pin To Net: NetName=NetU8_29 Pin=U8-29
Added Net: Name=NetU8_29
Added Class: Name=[2]Driver1
Added Class: Name=[3]Driver2
Added Class: Name=[4]Driver3
Added Class: Name=[5]Driver4
Added Class: Name=[11]DriverDribbler
Added Class: Name=[12]Connectors
Added Rule: Name=Schematic Supply Nets
Added Rule: Name=Schematic Supply Nets_1
Added Rule: Name=Schematic Supply Nets_2
Added Rule: Name=Schematic Supply Nets_3
Added Rule: Name=Schematic Supply Nets_4
Added Rule: Name=Schematic Supply Nets_5
