Change component parameters: Designator = "U2" ("U2"); Footprint = "POWERSO36"; UniqueID = "\RYEWWBIE" ("\RYEWWBIE")
Change component parameters (AddParameter): Name = "Mfr 1"; Value = "STMicroelectronics"; VariantName = "[No Variations]"
Change component parameters (AddParameter): Name = "Mfr 1 PN"; Value = "L6235PD"; VariantName = "[No Variations]"
Change component parameters (AddParameter): Name = "Notes"; Value = ""; VariantName = "[No Variations]"
Added Pin To Net: NetName=GND Pin=U2-1
Added Pin To Net: NetName=+24V Pin=U2-4
Added Pin To Net: NetName=NetJST1_2 Pin=U2-5
Added Pin To Net: NetName=NetC27_2 Pin=U2-7
Added Pin To Net: NetName=NetJST1_6 Pin=U2-8
Added Pin To Net: NetName=NetJST1_5 Pin=U2-9
Added Pin To Net: NetName=NetJST1_3 Pin=U2-10
Added Pin To Net: NetName=NetC28_1 Pin=U2-11
Added Pin To Net: NetName=NetR8_2 Pin=U2-12
Added Pin To Net: NetName=NetC29_2 Pin=U2-13
Added Pin To Net: NetName=NetJST1_1 Pin=U2-15
Added Pin To Net: NetName=GND Pin=U2-18
Added Pin To Net: NetName=GND Pin=U2-19
Added Pin To Net: NetName=NetR7_1 Pin=U2-22
Added Pin To Net: NetName=NetC30_2 Pin=U2-24
Added Pin To Net: NetName=NetR8_2 Pin=U2-25
Added Pin To Net: NetName=NetJP1_9 Pin=U2-26
Added Pin To Net: NetName=NetC28_1 Pin=U2-27
Added Pin To Net: NetName=NetJP1_8 Pin=U2-28
Added Pin To Net: NetName=NetJP1_11 Pin=U2-29
Added Pin To Net: NetName=NetC26_1 Pin=U2-30
Added Pin To Net: NetName=NetJST1_4 Pin=U2-32
Added Pin To Net: NetName=+24V Pin=U2-33
Added Pin To Net: NetName=GND Pin=U2-36
Added Pin To Net: NetName=GND Pin=U2-37
Added Member To Class: ClassName=[2]Driver1 Member=Component U2 Comment
